SNDXDFOO: 10000000000
FPTxFBL1: 10000000000
FPTxFBR1: 10000000000
SPLxHBS0: 10000000000
SPLxHBS1: 10000000000
SPNxHBF0: 10000000000
bones updated
bones updated
bones updated
bones updated
bones updated
bones updated
bones updated
bones updated
bones updated
bones updated
bones updated
bones updated
bones updated
bones updated
bones updated
bones updated
bones updated
bones updated
bones updated
bones updated
bones updated
bones updated
bones updated
bones updated
bones updated
bones updated
bones updated
bones updated
bones updated
bones updated
bones updated
bones updated
bones updated
bones updated
bones updated
bones updated
bones updated
bones updated
bones updated
bones updated
bones updated
bones updated
bones updated
bones updated
bones updated
bones updated
bones updated
bones updated
bones updated
bones updated
AnimFlags:
com.hiveworkshop.wc3.mdl.Layer: Alpha
com.hiveworkshop.wc3.mdl.GeosetAnim: Alpha
com.hiveworkshop.wc3.mdl.GeosetAnim: Alpha
com.hiveworkshop.wc3.mdl.GeosetAnim: Alpha
com.hiveworkshop.wc3.mdl.GeosetAnim: Alpha
com.hiveworkshop.wc3.mdl.GeosetAnim: Alpha
com.hiveworkshop.wc3.mdl.Attachment: Visibility
com.hiveworkshop.wc3.mdl.Attachment: Visibility
com.hiveworkshop.wc3.mdl.Attachment: Visibility
com.hiveworkshop.wc3.mdl.Attachment: Visibility
com.hiveworkshop.wc3.mdl.Attachment: Visibility
com.hiveworkshop.wc3.mdl.Attachment: Visibility
com.hiveworkshop.wc3.mdl.Attachment: Visibility
bones updated
bones updated
bones updated
bones updated
bones updated
bones updated
bones updated
bones updated
bones updated
bones updated
bones updated
bones updated
bones updated
bones updated
bones updated
bones updated
bones updated
bones updated
bones updated
AnimFlags:
F:\Users\Eric\AppData\Roaming\JWC3\user.profile
F:\Users\Eric\AppData\Roaming\JWC3\user.profile
F:\Users\Eric\AppData\Roaming\JWC3\user.profile
F:\Users\Eric\AppData\Roaming\JWC3\user.profile
