#
# A fatal error has been detected by the Java Runtime Environment:
#
#  EXCEPTION_ACCESS_VIOLATION (0xc0000005) at pc=0x0000000006ca3b10, pid=9956, tid=8744
#
# JRE version: 7.0_21-b11
# Java VM: Java HotSpot(TM) 64-Bit Server VM (23.21-b01 mixed mode windows-amd64 compressed oops)
# Problematic frame:
# C  0x0000000006ca3b10
#
# Failed to write core dump. Minidumps are not enabled by default on client versions of Windows
#
# If you would like to submit a bug report, please visit:
#   http://bugreport.sun.com/bugreport/crash.jsp
# The crash happened outside the Java Virtual Machine in native code.
# See problematic frame for where to report the bug.
#

---------------  T H R E A D  ---------------

Current thread (0x000000000ecaa000):  JavaThread "Finalizer" daemon [_thread_in_native, id=8744, stack(0x0000000010a90000,0x0000000010b90000)]

siginfo: ExceptionCode=0xc0000005, ExceptionInformation=0x0000000000000008 0x0000000006ca3b10

Registers:
RAX=0x0000000006ca3b10, RBX=0x000000073c1ea258, RCX=0x000000000ecaa1d8, RDX=0x0000000010b8e820
RSP=0x0000000010b8e798, RBP=0x0000000010b8e810, RSI=0x000000000ecaa000, RDI=0x0000000000000000
R8 =0x0000000011797010, R9 =0x0000000000000001, R10=0x000000000273237c, R11=0x0000000058783570
R12=0x0000000000000000, R13=0x000000073c1ea258, R14=0x0000000010b8e838, R15=0x000000000ecaa000
RIP=0x0000000006ca3b10, EFLAGS=0x0000000000010287

Top of Stack: (sp=0x0000000010b8e798)
0x0000000010b8e798:   00000000027323a8 0000000000000010
0x0000000010b8e7a8:   00000000000000c2 00000007412547a8
0x0000000010b8e7b8:   000000074124f1a8 0000000000000001
0x0000000010b8e7c8:   0000000000000000 0000000010b8e7d0
0x0000000010b8e7d8:   0000000000000000 0000000010b8e838
0x0000000010b8e7e8:   000000073c23e3a0 0000000000000000
0x0000000010b8e7f8:   000000073c1ea258 0000000000000000
0x0000000010b8e808:   0000000010b8e830 0000000010b8e880
0x0000000010b8e818:   00000000027261f8 00000007c6815798
0x0000000010b8e828:   000000000272f1d8 0000000011797010
0x0000000010b8e838:   0000000010b8e838 0000000010b8e840
0x0000000010b8e848:   000000073c1e75e4 0000000010b8e890
0x0000000010b8e858:   000000073c23e3a0 0000000000000000
0x0000000010b8e868:   000000073c1e7608 0000000010b8e830
0x0000000010b8e878:   0000000010b8e890 0000000010b8e970
0x0000000010b8e888:   000000000272062a 000000074122fc48 

Instructions: (pc=0x0000000006ca3b10)
0x0000000006ca3af0:   
[error occurred during error reporting (printing registers, top of stack, instructions near pc), id 0xc0000005]

Register to memory mapping:

RAX=0x0000000006ca3b10 is an unknown value
RBX=0x000000073c1ea258 is an oop
{method} 
 - klass: {other class}
RCX=0x000000000ecaa1d8 is an unknown value
RDX=0x0000000010b8e820 is pointing into the stack for thread: 0x000000000ecaa000
RSP=0x0000000010b8e798 is pointing into the stack for thread: 0x000000000ecaa000
RBP=0x0000000010b8e810 is pointing into the stack for thread: 0x000000000ecaa000
RSI=0x000000000ecaa000 is a thread
RDI=0x0000000000000000 is an unknown value
R8 =0x0000000011797010 is an unknown value
R9 =0x0000000000000001 is an unknown value
R10=0x000000000273237c is an Interpreter codelet
method entry point (kind = native)  [0x0000000002732100, 0x0000000002732980]  2176 bytes
R11=0x0000000058783570 is an unknown value
R12=0x0000000000000000 is an unknown value
R13=0x000000073c1ea258 is an oop
{method} 
 - klass: {other class}
R14=0x0000000010b8e838 is pointing into the stack for thread: 0x000000000ecaa000
R15=0x000000000ecaa000 is a thread


Stack: [0x0000000010a90000,0x0000000010b90000],  sp=0x0000000010b8e798,  free space=1017k
Native frames: (J=compiled Java code, j=interpreted, Vv=VM code, C=native code)
C  0x0000000006ca3b10
j  com.sun.jna.Memory.finalize()V+4
v  ~StubRoutines::call_stub
V  [jvm.dll+0x1afd14]

Java frames: (J=compiled Java code, j=interpreted, Vv=VM code)
j  com.sun.jna.Memory.free(J)V+0
j  com.sun.jna.Memory.finalize()V+4
v  ~StubRoutines::call_stub
j  java.lang.ref.Finalizer.invokeFinalizeMethod(Ljava/lang/Object;)V+0
j  java.lang.ref.Finalizer.runFinalizer()V+45
j  java.lang.ref.Finalizer.access$100(Ljava/lang/ref/Finalizer;)V+1
j  java.lang.ref.Finalizer$FinalizerThread.run()V+24
v  ~StubRoutines::call_stub

---------------  P R O C E S S  ---------------

Java Threads: ( => current thread )
  0x0000000010d88000 JavaThread "Image Fetcher 0" daemon [_thread_blocked, id=9684, stack(0x0000000015bc0000,0x0000000015cc0000)]
  0x0000000016ba6800 JavaThread "TimerQueue" daemon [_thread_blocked, id=8452, stack(0x0000000019730000,0x0000000019830000)]
  0x00000000022cc800 JavaThread "DestroyJavaVM" [_thread_blocked, id=9232, stack(0x0000000002620000,0x0000000002720000)]
  0x0000000010f8f800 JavaThread "AWT-EventQueue-0" [_thread_blocked, id=10536, stack(0x00000000172f0000,0x00000000173f0000)]
  0x0000000010d2f800 JavaThread "AWT-Shutdown" [_thread_blocked, id=5708, stack(0x00000000113b0000,0x00000000114b0000)]
  0x0000000010d2c800 JavaThread "Java2D Disposer" daemon [_thread_blocked, id=9124, stack(0x00000000115e0000,0x00000000116e0000)]
  0x0000000010bea800 JavaThread "Service Thread" daemon [_thread_blocked, id=9824, stack(0x0000000010f90000,0x0000000011090000)]
  0x0000000010be5800 JavaThread "C2 CompilerThread1" daemon [_thread_blocked, id=6188, stack(0x00000000111b0000,0x00000000112b0000)]
  0x0000000010bde800 JavaThread "C2 CompilerThread0" daemon [_thread_blocked, id=10596, stack(0x00000000112b0000,0x00000000113b0000)]
  0x0000000010bde000 JavaThread "Attach Listener" daemon [_thread_blocked, id=9552, stack(0x0000000010790000,0x0000000010890000)]
  0x0000000010bdd000 JavaThread "Signal Dispatcher" daemon [_thread_blocked, id=10504, stack(0x00000000110a0000,0x00000000111a0000)]
=>0x000000000ecaa000 JavaThread "Finalizer" daemon [_thread_in_native, id=8744, stack(0x0000000010a90000,0x0000000010b90000)]
  0x000000000eca2000 JavaThread "Reference Handler" daemon [_thread_blocked, id=2612, stack(0x0000000010910000,0x0000000010a10000)]

Other Threads:
  0x000000000ec98800 VMThread [stack: 0x0000000006890000,0x0000000006990000] [id=1276]
  0x0000000010bfb000 WatcherThread [stack: 0x00000000114e0000,0x00000000115e0000] [id=11144]

VM state:not at safepoint (normal execution)

VM Mutex/Monitor currently owned by a thread: None

Heap
 PSYoungGen      total 106432K, used 11485K [0x00000007c0160000, 0x00000007ceb60000, 0x0000000800000000)
  eden space 98304K, 3% used [0x00000007c0160000,0x00000007c04af520,0x00000007c6160000)
  from space 8128K, 99% used [0x00000007c6160000,0x00000007c6948080,0x00000007c6950000)
  to   space 21504K, 0% used [0x00000007cd660000,0x00000007cd660000,0x00000007ceb60000)
 ParOldGen       total 130944K, used 18677K [0x0000000740400000, 0x00000007483e0000, 0x00000007c0160000)
  object space 130944K, 14% used [0x0000000740400000,0x000000074163d428,0x00000007483e0000)
 PSPermGen       total 21248K, used 17802K [0x000000073b200000, 0x000000073c6c0000, 0x0000000740400000)
  object space 21248K, 83% used [0x000000073b200000,0x000000073c362a40,0x000000073c6c0000)

Card table byte_map: [0x0000000005720000,0x0000000005d50000] byte_map_base: 0x0000000001d47000

Polling page: 0x0000000000220000

Code Cache  [0x0000000002720000, 0x0000000002990000, 0x0000000005720000)
 total_blobs=1314 nmethods=734 adapters=530 free_code_cache=47089Kb largest_free_block=48170880

Compilation events (10 events):
Event: 13.741 Thread 0x0000000010be5800 nmethod 752 0x000000000292bdd0 code [0x000000000292c020, 0x000000000292cde0]
Event: 13.741 Thread 0x0000000010be5800  754             java.awt.EventQueue::coalesceEvent (86 bytes)
Event: 13.741 Thread 0x0000000010bde800 nmethod 753 0x000000000292aa50 code [0x000000000292ac40, 0x000000000292b550]
Event: 13.743 Thread 0x0000000010be5800 nmethod 754 0x0000000002922490 code [0x0000000002922620, 0x00000000029228c8]
Event: 14.245 Thread 0x0000000010bde800   14 % !         java.lang.ref.Reference$ReferenceHandler::run @ 0 (108 bytes)
Event: 14.252 Thread 0x0000000010be5800  755   !         sun.misc.Cleaner::clean (35 bytes)
Event: 14.254 Thread 0x0000000010bde800 nmethod 14% 0x000000000292dc50 code [0x000000000292de40, 0x000000000292f208]
Event: 14.254 Thread 0x0000000010bde800  756  s          sun.misc.Cleaner::remove (89 bytes)
Event: 14.255 Thread 0x0000000010be5800 nmethod 755 0x00000000028ba9d0 code [0x00000000028bab60, 0x00000000028bb1e8]
Event: 14.256 Thread 0x0000000010bde800 nmethod 756 0x000000000292a490 code [0x000000000292a5e0, 0x000000000292a918]

GC Heap History (10 events):
Event: 2.626 GC heap before
{Heap before GC invocations=1 (full 0):
 PSYoungGen      total 57280K, used 49152K [0x00000007c0160000, 0x00000007c4140000, 0x0000000800000000)
  eden space 49152K, 100% used [0x00000007c0160000,0x00000007c3160000,0x00000007c3160000)
  from space 8128K, 0% used [0x00000007c3950000,0x00000007c3950000,0x00000007c4140000)
  to   space 8128K, 0% used [0x00000007c3160000,0x00000007c3160000,0x00000007c3950000)
 ParOldGen       total 130944K, used 0K [0x0000000740400000, 0x00000007483e0000, 0x00000007c0160000)
  object space 130944K, 0% used [0x0000000740400000,0x0000000740400000,0x00000007483e0000)
 PSPermGen       total 21248K, used 14493K [0x000000073b200000, 0x000000073c6c0000, 0x0000000740400000)
  object space 21248K, 68% used [0x000000073b200000,0x000000073c0277c0,0x000000073c6c0000)
Event: 2.630 GC heap after
Heap after GC invocations=1 (full 0):
 PSYoungGen      total 57280K, used 2496K [0x00000007c0160000, 0x00000007c4140000, 0x0000000800000000)
  eden space 49152K, 0% used [0x00000007c0160000,0x00000007c0160000,0x00000007c3160000)
  from space 8128K, 30% used [0x00000007c3160000,0x00000007c33d0040,0x00000007c3950000)
  to   space 8128K, 0% used [0x00000007c3950000,0x00000007c3950000,0x00000007c4140000)
 ParOldGen       total 130944K, used 8K [0x0000000740400000, 0x00000007483e0000, 0x00000007c0160000)
  object space 130944K, 0% used [0x0000000740400000,0x0000000740402000,0x00000007483e0000)
 PSPermGen       total 21248K, used 14493K [0x000000073b200000, 0x000000073c6c0000, 0x0000000740400000)
  object space 21248K, 68% used [0x000000073b200000,0x000000073c0277c0,0x000000073c6c0000)
}
Event: 2.660 GC heap before
{Heap before GC invocations=2 (full 0):
 PSYoungGen      total 57280K, used 51648K [0x00000007c0160000, 0x00000007c4140000, 0x0000000800000000)
  eden space 49152K, 100% used [0x00000007c0160000,0x00000007c3160000,0x00000007c3160000)
  from space 8128K, 30% used [0x00000007c3160000,0x00000007c33d0040,0x00000007c3950000)
  to   space 8128K, 0% used [0x00000007c3950000,0x00000007c3950000,0x00000007c4140000)
 ParOldGen       total 130944K, used 8K [0x0000000740400000, 0x00000007483e0000, 0x00000007c0160000)
  object space 130944K, 0% used [0x0000000740400000,0x0000000740402000,0x00000007483e0000)
 PSPermGen       total 21248K, used 14505K [0x000000073b200000, 0x000000073c6c0000, 0x0000000740400000)
  object space 21248K, 68% used [0x000000073b200000,0x000000073c02a458,0x000000073c6c0000)
Event: 2.663 GC heap after
Heap after GC invocations=2 (full 0):
 PSYoungGen      total 57280K, used 2544K [0x00000007c0160000, 0x00000007c7140000, 0x0000000800000000)
  eden space 49152K, 0% used [0x00000007c0160000,0x00000007c0160000,0x00000007c3160000)
  from space 8128K, 31% used [0x00000007c3950000,0x00000007c3bcc030,0x00000007c4140000)
  to   space 8128K, 0% used [0x00000007c3160000,0x00000007c3160000,0x00000007c3950000)
 ParOldGen       total 130944K, used 16K [0x0000000740400000, 0x00000007483e0000, 0x00000007c0160000)
  object space 130944K, 0% used [0x0000000740400000,0x0000000740404000,0x00000007483e0000)
 PSPermGen       total 21248K, used 14505K [0x000000073b200000, 0x000000073c6c0000, 0x0000000740400000)
  object space 21248K, 68% used [0x000000073b200000,0x000000073c02a458,0x000000073c6c0000)
}
Event: 5.168 GC heap before
{Heap before GC invocations=3 (full 0):
 PSYoungGen      total 57280K, used 51696K [0x00000007c0160000, 0x00000007c7140000, 0x0000000800000000)
  eden space 49152K, 100% used [0x00000007c0160000,0x00000007c3160000,0x00000007c3160000)
  from space 8128K, 31% used [0x00000007c3950000,0x00000007c3bcc030,0x00000007c4140000)
  to   space 8128K, 0% used [0x00000007c3160000,0x00000007c3160000,0x00000007c3950000)
 ParOldGen       total 130944K, used 16K [0x0000000740400000, 0x00000007483e0000, 0x00000007c0160000)
  object space 130944K, 0% used [0x0000000740400000,0x0000000740404000,0x00000007483e0000)
 PSPermGen       total 21248K, used 17191K [0x000000073b200000, 0x000000073c6c0000, 0x0000000740400000)
  object space 21248K, 80% used [0x000000073b200000,0x000000073c2c9cb0,0x000000073c6c0000)
Event: 5.178 GC heap after
Heap after GC invocations=3 (full 0):
 PSYoungGen      total 57280K, used 7204K [0x00000007c0160000, 0x00000007c7140000, 0x0000000800000000)
  eden space 49152K, 0% used [0x00000007c0160000,0x00000007c0160000,0x00000007c3160000)
  from space 8128K, 88% used [0x00000007c3160000,0x00000007c38691a0,0x00000007c3950000)
  to   space 8128K, 0% used [0x00000007c6950000,0x00000007c6950000,0x00000007c7140000)
 ParOldGen       total 130944K, used 24K [0x0000000740400000, 0x00000007483e0000, 0x00000007c0160000)
  object space 130944K, 0% used [0x0000000740400000,0x0000000740406000,0x00000007483e0000)
 PSPermGen       total 21248K, used 17191K [0x000000073b200000, 0x000000073c6c0000, 0x0000000740400000)
  object space 21248K, 80% used [0x000000073b200000,0x000000073c2c9cb0,0x000000073c6c0000)
}
Event: 5.230 GC heap before
{Heap before GC invocations=4 (full 0):
 PSYoungGen      total 57280K, used 56356K [0x00000007c0160000, 0x00000007c7140000, 0x0000000800000000)
  eden space 49152K, 100% used [0x00000007c0160000,0x00000007c3160000,0x00000007c3160000)
  from space 8128K, 88% used [0x00000007c3160000,0x00000007c38691a0,0x00000007c3950000)
  to   space 8128K, 0% used [0x00000007c6950000,0x00000007c6950000,0x00000007c7140000)
 ParOldGen       total 130944K, used 24K [0x0000000740400000, 0x00000007483e0000, 0x00000007c0160000)
  object space 130944K, 0% used [0x0000000740400000,0x0000000740406000,0x00000007483e0000)
 PSPermGen       total 21248K, used 17202K [0x000000073b200000, 0x000000073c6c0000, 0x0000000740400000)
  object space 21248K, 80% used [0x000000073b200000,0x000000073c2ccba0,0x000000073c6c0000)
Event: 5.235 GC heap after
Heap after GC invocations=4 (full 0):
 PSYoungGen      total 106432K, used 3728K [0x00000007c0160000, 0x00000007c7140000, 0x0000000800000000)
  eden space 98304K, 0% used [0x00000007c0160000,0x00000007c0160000,0x00000007c6160000)
  from space 8128K, 45% used [0x00000007c6950000,0x00000007c6cf4010,0x00000007c7140000)
  to   space 8128K, 0% used [0x00000007c6160000,0x00000007c6160000,0x00000007c6950000)
 ParOldGen       total 130944K, used 32K [0x0000000740400000, 0x00000007483e0000, 0x00000007c0160000)
  object space 130944K, 0% used [0x0000000740400000,0x0000000740408000,0x00000007483e0000)
 PSPermGen       total 21248K, used 17202K [0x000000073b200000, 0x000000073c6c0000, 0x0000000740400000)
  object space 21248K, 80% used [0x000000073b200000,0x000000073c2ccba0,0x000000073c6c0000)
}
Event: 14.204 GC heap before
{Heap before GC invocations=5 (full 0):
 PSYoungGen      total 106432K, used 102032K [0x00000007c0160000, 0x00000007c7140000, 0x0000000800000000)
  eden space 98304K, 100% used [0x00000007c0160000,0x00000007c6160000,0x00000007c6160000)
  from space 8128K, 45% used [0x00000007c6950000,0x00000007c6cf4010,0x00000007c7140000)
  to   space 8128K, 0% used [0x00000007c6160000,0x00000007c6160000,0x00000007c6950000)
 ParOldGen       total 130944K, used 32K [0x0000000740400000, 0x00000007483e0000, 0x00000007c0160000)
  object space 130944K, 0% used [0x0000000740400000,0x0000000740408000,0x00000007483e0000)
 PSPermGen       total 21248K, used 17798K [0x000000073b200000, 0x000000073c6c0000, 0x0000000740400000)
  object space 21248K, 83% used [0x000000073b200000,0x000000073c361888,0x000000073c6c0000)
Event: 14.243 GC heap after
Heap after GC invocations=5 (full 0):
 PSYoungGen      total 106432K, used 8096K [0x00000007c0160000, 0x00000007ceb60000, 0x0000000800000000)
  eden space 98304K, 0% used [0x00000007c0160000,0x00000007c0160000,0x00000007c6160000)
  from space 8128K, 99% used [0x00000007c6160000,0x00000007c6948080,0x00000007c6950000)
  to   space 21504K, 0% used [0x00000007cd660000,0x00000007cd660000,0x00000007ceb60000)
 ParOldGen       total 130944K, used 18677K [0x0000000740400000, 0x00000007483e0000, 0x00000007c0160000)
  object space 130944K, 14% used [0x0000000740400000,0x000000074163d428,0x00000007483e0000)
 PSPermGen       total 21248K, used 17798K [0x000000073b200000, 0x000000073c6c0000, 0x0000000740400000)
  object space 21248K, 83% used [0x000000073b200000,0x000000073c361888,0x000000073c6c0000)
}

Deoptimization events (10 events):
Event: 12.372 Thread 0x0000000010f8f800 Uncommon trap -83 fr.pc 0x00000000028cb5f4
Event: 12.378 Thread 0x0000000010f8f800 Uncommon trap -58 fr.pc 0x0000000002898e18
Event: 13.542 Thread 0x0000000010f8f800 Uncommon trap -34 fr.pc 0x000000000288c278
Event: 13.543 Thread 0x0000000010f8f800 Uncommon trap -34 fr.pc 0x000000000288c278
Event: 13.543 Thread 0x0000000010f8f800 Uncommon trap -83 fr.pc 0x000000000289e92c
Event: 13.547 Thread 0x0000000010f8f800 Uncommon trap -12 fr.pc 0x00000000028fa844
Event: 14.202 Thread 0x0000000010f8f800 Uncommon trap 232 fr.pc 0x000000000291e310
Event: 14.202 Thread 0x0000000010f8f800 Uncommon trap -83 fr.pc 0x00000000028a9600
Event: 14.244 Thread 0x000000000eca2000 Uncommon trap -83 fr.pc 0x0000000002860868
Event: 14.260 Thread 0x000000000eca2000 Uncommon trap -83 fr.pc 0x000000000292ea88

Internal exceptions (10 events):
Event: 6.120 Thread 0x0000000010f8f800 Implicit null exception at 0x000000000289c3d2 to 0x000000000289c4c4
Event: 6.255 Thread 0x0000000010f8f800 Implicit null exception at 0x00000000028cda28 to 0x00000000028cdd91
Event: 6.255 Thread 0x0000000010f8f800 Implicit null exception at 0x00000000028c0b5c to 0x00000000028c0b97
Event: 6.262 Thread 0x0000000010f8f800 Implicit null exception at 0x0000000002883274 to 0x00000000028834cd
Event: 6.262 Thread 0x0000000010f8f800 Implicit null exception at 0x00000000028c0ed0 to 0x00000000028c0fc9
Event: 12.356 Thread 0x0000000010f8f800 Implicit null exception at 0x0000000002840146 to 0x00000000028401e5
Event: 12.357 Thread 0x0000000010f8f800 Implicit null exception at 0x0000000002894fdd to 0x0000000002895145
Event: 12.372 Thread 0x0000000010f8f800 Implicit null exception at 0x00000000028cafc1 to 0x00000000028cb5e1
Event: 13.547 Thread 0x0000000010f8f800 Implicit null exception at 0x00000000028f9438 to 0x00000000028fa82d
Event: 14.202 Thread 0x0000000010f8f800 Threw 0x00000007c5f3f590 at C:\jdk7u2_64p\jdk7u21\hotspot\src\share\vm\prims\jvm.cpp:1166

Events (10 events):
Event: 14.260 Executing VM operation: RevokeBias done
Event: 14.260 Executing VM operation: RevokeBias
Event: 14.260 Executing VM operation: RevokeBias done
Event: 14.260 Executing VM operation: RevokeBias
Event: 14.260 Executing VM operation: RevokeBias done
Event: 14.260 Executing VM operation: RevokeBias
Event: 14.260 Executing VM operation: RevokeBias done
Event: 14.260 Executing VM operation: RevokeBias
Event: 14.260 Executing VM operation: RevokeBias done
Event: 14.266 Thread 0x0000000010d32800 Thread exited: 0x0000000010d32800


Dynamic libraries:
0x000000013f110000 - 0x000000013f143000 	C:\Program Files\Java\jre7\bin\javaw.exe
0x0000000077500000 - 0x00000000776a9000 	C:\Windows\SYSTEM32\ntdll.dll
0x00000000772e0000 - 0x00000000773ff000 	C:\Windows\system32\kernel32.dll
0x000007fefd6a0000 - 0x000007fefd70b000 	C:\Windows\system32\KERNELBASE.dll
0x000007fefeef0000 - 0x000007fefefcb000 	C:\Windows\system32\ADVAPI32.dll
0x000007feff340000 - 0x000007feff3df000 	C:\Windows\system32\msvcrt.dll
0x000007fefd740000 - 0x000007fefd75f000 	C:\Windows\SYSTEM32\sechost.dll
0x000007fefd770000 - 0x000007fefd89d000 	C:\Windows\system32\RPCRT4.dll
0x0000000077400000 - 0x00000000774fa000 	C:\Windows\system32\USER32.dll
0x000007feff3e0000 - 0x000007feff447000 	C:\Windows\system32\GDI32.dll
0x000007fefd710000 - 0x000007fefd71e000 	C:\Windows\system32\LPK.dll
0x000007fefdbe0000 - 0x000007fefdca9000 	C:\Windows\system32\USP10.dll
0x000007fefbca0000 - 0x000007fefbe94000 	C:\Windows\WinSxS\amd64_microsoft.windows.common-controls_6595b64144ccf1df_6.0.7601.17514_none_fa396087175ac9ac\COMCTL32.dll
0x000007feff4e0000 - 0x000007feff551000 	C:\Windows\system32\SHLWAPI.dll
0x000007feff450000 - 0x000007feff47e000 	C:\Windows\system32\IMM32.DLL
0x000007fefdad0000 - 0x000007fefdbd9000 	C:\Windows\system32\MSCTF.dll
0x0000000059550000 - 0x0000000059621000 	C:\Program Files\Java\jre7\bin\msvcr100.dll
0x00000000585c0000 - 0x0000000058ce1000 	C:\Program Files\Java\jre7\bin\server\jvm.dll
0x000007fef5b80000 - 0x000007fef5b89000 	C:\Windows\system32\WSOCK32.dll
0x000007fefee00000 - 0x000007fefee4d000 	C:\Windows\system32\WS2_32.dll
0x000007fefd760000 - 0x000007fefd768000 	C:\Windows\system32\NSI.dll
0x000007fefaf10000 - 0x000007fefaf4b000 	C:\Windows\system32\WINMM.dll
0x00000000776d0000 - 0x00000000776d7000 	C:\Windows\system32\PSAPI.DLL
0x000000005e850000 - 0x000000005e85f000 	C:\Program Files\Java\jre7\bin\verify.dll
0x000000005b1e0000 - 0x000000005b208000 	C:\Program Files\Java\jre7\bin\java.dll
0x00000000585a0000 - 0x00000000585b5000 	C:\Program Files\Java\jre7\bin\zip.dll
0x00000000726f0000 - 0x0000000072883000 	C:\Program Files\Java\jre7\bin\awt.dll
0x000007fefefd0000 - 0x000007feff0a7000 	C:\Windows\system32\OLEAUT32.dll
0x000007feff600000 - 0x000007feff803000 	C:\Windows\system32\ole32.dll
0x000007fefb690000 - 0x000007fefb6a8000 	C:\Windows\system32\DWMAPI.DLL
0x000007fefbac0000 - 0x000007fefbb16000 	C:\Windows\system32\uxtheme.dll
0x000007fefd210000 - 0x000007fefd21f000 	C:\Windows\system32\CRYPTBASE.dll
0x000007fefc2c0000 - 0x000007fefc2cc000 	C:\Windows\system32\VERSION.dll
0x0000000072f20000 - 0x0000000072fe8000 	C:\Windows\system32\aticfx64.dll
0x000007feec3d0000 - 0x000007feec3dd000 	C:\Windows\system32\atiu9p64.dll
0x000007fefde10000 - 0x000007fefeb98000 	C:\Windows\system32\SHELL32.dll
0x0000000059c20000 - 0x0000000059c39000 	C:\Program Files\Java\jre7\bin\net.dll
0x000007fefcb50000 - 0x000007fefcba5000 	C:\Windows\system32\mswsock.dll
0x000007fefcb40000 - 0x000007fefcb47000 	C:\Windows\System32\wship6.dll
0x0000000058580000 - 0x0000000058591000 	C:\Program Files\Java\jre7\bin\nio.dll
0x000007fee7460000 - 0x000007fee7500000 	C:\Windows\WinSxS\amd64_microsoft.windows.common-controls_6595b64144ccf1df_5.82.7601.17514_none_a4d6a923711520a9\comctl32.dll
0x0000000072a20000 - 0x0000000072a5e000 	C:\Program Files\Java\jre7\bin\fontmanager.dll
0x0000000072980000 - 0x00000000729c1000 	C:\Program Files\Java\jre7\bin\t2k.dll
0x000007fefec20000 - 0x000007fefedf7000 	C:\Windows\system32\SETUPAPI.dll
0x000007fefd5f0000 - 0x000007fefd626000 	C:\Windows\system32\CFGMGR32.dll
0x000007fefd5d0000 - 0x000007fefd5ea000 	C:\Windows\system32\DEVOBJ.dll
0x000007fefee50000 - 0x000007fefeee9000 	C:\Windows\system32\CLBCatQ.DLL
0x000007fefbb20000 - 0x000007fefbc4c000 	C:\Windows\system32\propsys.dll
0x000007fefc190000 - 0x000007fefc1bd000 	C:\Windows\system32\ntmarta.dll
0x000007feff480000 - 0x000007feff4d2000 	C:\Windows\system32\WLDAP32.dll
0x000007fefd1b0000 - 0x000007fefd207000 	C:\Windows\system32\apphelp.dll
0x000007fefd2e0000 - 0x000007fefd2ef000 	C:\Windows\system32\profapi.dll
0x000007fefab00000 - 0x000007fefab0b000 	C:\Windows\system32\slc.dll
0x000007fef6e60000 - 0x000007fef6e78000 	C:\Windows\system32\MPR.dll
0x000007fefa610000 - 0x000007fefa61a000 	C:\Windows\System32\drprov.dll
0x000007fefc700000 - 0x000007fefc73d000 	C:\Windows\System32\WINSTA.dll
0x000007fefa180000 - 0x000007fefa1a2000 	C:\Windows\System32\ntlanman.dll
0x000007fef9da0000 - 0x000007fef9dbc000 	C:\Windows\System32\davclnt.dll
0x000007fefa140000 - 0x000007fefa14a000 	C:\Windows\System32\DAVHLPR.dll
0x000007fefb370000 - 0x000007fefb385000 	C:\Windows\system32\wkscli.dll
0x000007fef5930000 - 0x000007fef593f000 	C:\Windows\system32\cscapi.dll
0x000007fefb390000 - 0x000007fefb39c000 	C:\Windows\system32\netutils.dll
0x000007fefd640000 - 0x000007fefd67a000 	C:\Windows\system32\WINTRUST.dll
0x000007fefd3a0000 - 0x000007fefd50c000 	C:\Windows\system32\CRYPT32.dll
0x000007fefd380000 - 0x000007fefd38f000 	C:\Windows\system32\MSASN1.dll
0x000007fef4480000 - 0x000007fef44b5000 	C:\Windows\system32\EhStorShell.dll
0x000007fefbf60000 - 0x000007fefbf6c000 	C:\Windows\system32\LINKINFO.dll
0x000007fefb4e0000 - 0x000007fefb641000 	C:\Windows\system32\WindowsCodecs.dll
0x000007fef58f0000 - 0x000007fef592f000 	C:\Users\Eric\AppData\Local\Microsoft\SkyDrive\17.0.2015.0811\amd64\SkyDriveShell64.dll
0x000007fef5840000 - 0x000007fef58e7000 	C:\Users\Eric\AppData\Local\Microsoft\SkyDrive\17.0.2015.0811\amd64\MSVCP110.dll
0x000007fef5770000 - 0x000007fef583e000 	C:\Users\Eric\AppData\Local\Microsoft\SkyDrive\17.0.2015.0811\amd64\MSVCR110.dll
0x000007fefd8a0000 - 0x000007fefdacd000 	C:\Windows\system32\WININET.dll
0x000007fefd630000 - 0x000007fefd634000 	C:\Windows\system32\api-ms-win-downlevel-user32-l1-1-0.dll
0x000007fefd690000 - 0x000007fefd695000 	C:\Windows\system32\api-ms-win-downlevel-advapi32-l1-1-0.dll
0x000007fefd390000 - 0x000007fefd394000 	C:\Windows\system32\api-ms-win-downlevel-shlwapi-l1-1-0.dll
0x000007fefd5c0000 - 0x000007fefd5c4000 	C:\Windows\system32\api-ms-win-downlevel-version-l1-1-0.dll
0x000007fefd680000 - 0x000007fefd683000 	C:\Windows\system32\api-ms-win-downlevel-normaliz-l1-1-0.dll
0x00000000776c0000 - 0x00000000776c3000 	C:\Windows\system32\normaliz.DLL
0x000007feff0b0000 - 0x000007feff33c000 	C:\Windows\system32\iertutil.dll
0x000007fef5530000 - 0x000007fef576b000 	C:\Program Files\Microsoft Office 15\root\VFS\ProgramFilesX64\Microsoft Office\Office15\GROOVEEX.DLL
0x0000000073020000 - 0x00000000730b8000 	C:\Program Files\Microsoft Office 15\root\VFS\ProgramFilesX64\Microsoft Office\Office15\MSVCP100.dll
0x0000000072ff0000 - 0x000000007301b000 	C:\Program Files\Microsoft Office 15\root\VFS\ProgramFilesX64\Microsoft Office\Office15\ATL100.DLL
0x000007fef5210000 - 0x000007fef5527000 	C:\Windows\system32\msi.dll
0x000007fef44c0000 - 0x000007fef4d35000 	C:\Program Files\Microsoft Office 15\root\VFS\ProgramFilesX64\Microsoft Office\Office15\1033\GrooveIntlResource.dll
0x000007fef4400000 - 0x000007fef4480000 	C:\Windows\system32\ntshrui.dll
0x000007fefce50000 - 0x000007fefce73000 	C:\Windows\system32\srvcli.dll
0x0000000180000000 - 0x000000018004f000 	C:\Users\Eric\workspace\MatrixEater3D\lib\lwjgl64.dll
0x000007fef3c70000 - 0x000007fef3d8d000 	C:\Windows\system32\OPENGL32.dll
0x000007fefbc70000 - 0x000007fefbc9d000 	C:\Windows\system32\GLU32.dll
0x000007fef3b70000 - 0x000007fef3c61000 	C:\Windows\system32\DDRAW.dll
0x000007fefbeb0000 - 0x000007fefbeb8000 	C:\Windows\system32\DCIMAN32.dll
0x000000006db70000 - 0x000000006db77000 	C:\Program Files\Java\jre7\bin\jawt.dll
0x000007fefa690000 - 0x000007fefa698000 	C:\Windows\system32\atig6pxx.dll
0x0000000069030000 - 0x000000006a67b000 	C:\Windows\system32\atio6axx.dll
0x000007fefa5e0000 - 0x000007fefa5ee000 	C:\Windows\system32\atig6txx.dll
0x0000000006c40000 - 0x0000000006c9d000 	C:\Windows\system32\atiadlxx.dll
0x000007fefc630000 - 0x000007fefc64e000 	C:\Windows\system32\USERENV.dll
0x000007fefc2a0000 - 0x000007fefc2b1000 	C:\Windows\system32\WTSAPI32.dll
0x000007fefcbb0000 - 0x000007fefcbc7000 	C:\Windows\system32\CRYPTSP.dll
0x000007fefc8b0000 - 0x000007fefc8f7000 	C:\Windows\system32\rsaenh.dll
0x000007fefab90000 - 0x000007fefaba5000 	C:\Windows\system32\NLAapi.dll
0x000007fef7710000 - 0x000007fef7725000 	C:\Windows\system32\napinsp.dll
0x000007fef76f0000 - 0x000007fef7709000 	C:\Windows\system32\pnrpnsp.dll
0x000007fefc9d0000 - 0x000007fefca2b000 	C:\Windows\system32\DNSAPI.dll
0x000007fef76e0000 - 0x000007fef76eb000 	C:\Windows\System32\winrnr.dll
0x000007fefc510000 - 0x000007fefc517000 	C:\Windows\System32\wshtcpip.dll
0x000007fefaa80000 - 0x000007fefaaa7000 	C:\Windows\system32\IPHLPAPI.DLL
0x000007fefaa70000 - 0x000007fefaa7b000 	C:\Windows\system32\WINNSI.DLL
0x000007fef7b10000 - 0x000007fef7b18000 	C:\Windows\system32\rasadhlp.dll
0x000007fef9fa0000 - 0x000007fef9ff3000 	C:\Windows\System32\fwpuclnt.dll
0x0000000010890000 - 0x000000001090a000 	C:\Users\Eric\workspace\MatrixEater3D\StormLib_x64.dll
0x000007fef5b90000 - 0x000007fef5cb5000 	C:\Windows\system32\dbghelp.dll

VM Arguments:
jvm_args: -Djava.library.path=C:\Users\Eric\workspace\MatrixEater3D\lib;C:\Users\Eric\workspace\MatrixEater3D\lib -Dfile.encoding=Cp1252 
java_command: com.matrixeater.src.MainFrame
Launcher Type: SUN_STANDARD

Environment Variables:
PATH=C:\Windows\system32;C:\Windows;C:\Windows\System32\Wbem;C:\Windows\System32\WindowsPowerShell\v1.0\;C:\Program Files (x86)\ATI Technologies\ATI.ACE\Core-Static;C:\Program Files (x86)\Common Files\Adobe\AGL;C:\strawberry\c\bin;C:\strawberry\perl\bin;C:\strawberry\c\bin;C:\strawberry\perl\bin
USERNAME=Eric
OS=Windows_NT
PROCESSOR_IDENTIFIER=Intel64 Family 6 Model 42 Stepping 7, GenuineIntel



---------------  S Y S T E M  ---------------

OS: Windows 7 , 64 bit Build 7601 Service Pack 1

CPU:total 8 (4 cores per cpu, 2 threads per core) family 6 model 42 stepping 7, cmov, cx8, fxsr, mmx, sse, sse2, sse3, ssse3, sse4.1, sse4.2, popcnt, avx, ht, tsc, tscinvbit

Memory: 4k page, physical 12565752k(6927624k free), swap 25129644k(15245628k free)

vm_info: Java HotSpot(TM) 64-Bit Server VM (23.21-b01) for windows-amd64 JRE (1.7.0_21-b11), built on Apr  4 2013 08:11:28 by "java_re" with unknown MS VC++:1600

time: Sat Aug 31 01:09:06 2013
elapsed time: 14 seconds

