#
# A fatal error has been detected by the Java Runtime Environment:
#
#  EXCEPTION_ACCESS_VIOLATION (0xc0000005) at pc=0x000000006e42b971, pid=1020, tid=11552
#
# JRE version: 7.0_21-b11
# Java VM: Java HotSpot(TM) 64-Bit Server VM (23.21-b01 mixed mode windows-amd64 compressed oops)
# Problematic frame:
# V  [jvm.dll+0xfb971]
#
# Failed to write core dump. Minidumps are not enabled by default on client versions of Windows
#
# If you would like to submit a bug report, please visit:
#   http://bugreport.sun.com/bugreport/crash.jsp
#

---------------  T H R E A D  ---------------

Current thread (0x0000000016a7f800):  JavaThread "AWT-EventQueue-0" [_thread_in_vm, id=11552, stack(0x0000000017340000,0x0000000017440000)]

siginfo: ExceptionCode=0xc0000005, reading address 0x000000000000000d

Registers:
RAX=0x0000000000000000, RBX=0x0000000016a7f800, RCX=0x0000000000000f80, RDX=0x0000000000000005
RSP=0x000000001743d290, RBP=0x0000000016a7f9d8, RSI=0x0000000016a7f9d8, RDI=0x00000007c336b060
R8 =0x0000000000000000, R9 =0x0000000000000000, R10=0x0020007400660061, R11=0x0000000016cf8570
R12=0x0000000016cf8570, R13=0x000000001743d3c0, R14=0x000000001743d3c0, R15=0x0000000016a7f800
RIP=0x000000006e42b971, EFLAGS=0x0000000000010202

Top of Stack: (sp=0x000000001743d290)
0x000000001743d290:   0000000016a7f800 000000073c29b9b8
0x000000001743d2a0:   0000000016ae5940 000000006e3add86
0x000000001743d2b0:   0000000016a7f800 0000000000000000
0x000000001743d2c0:   000000001743d3c0 000000073c29b9b8
0x000000001743d2d0:   000000000000002c 000007fee87018bd
0x000000001743d2e0:   000000073c29fc80 0000000016a7f9d8
0x000000001743d2f0:   000000073c29b9b8 0000000016a7f800
0x000000001743d300:   000000073c29fc78 0000000000000000
0x000000001743d310:   000000001743d398 00000000022a23a8
0x000000001743d320:   00000007fffffffe 000000073c29fc80
0x000000001743d330:   000000000000002c 000000001743d390
0x000000001743d340:   0000000002296b9e 00000007c336b060
0x000000001743d350:   0000000016a7f800 000000001743d358
0x000000001743d360:   000000073c29fc78 000000001743d3c0
0x000000001743d370:   000000073c2a4210 0000000000000000
0x000000001743d380:   000000073c29fc80 0000000000000000 

Instructions: (pc=0x000000006e42b971)
0x000000006e42b951:   c7 44 24 28 00 00 00 00 74 0a 48 8d 4c 24 20 e8
0x000000006e42b961:   eb 6e 10 00 80 3d 0c 24 5b 00 00 48 8b 17 74 15
0x000000006e42b971:   8b 52 08 8b 0d 9e 0b 56 00 48 d3 e2 48 03 15 8c
0x000000006e42b981:   0b 56 00 eb 04 48 8b 52 08 48 8b 52 78 48 8b ce 


Register to memory mapping:

RAX=0x0000000000000000 is an unknown value
RBX=0x0000000016a7f800 is a thread
RCX=0x0000000000000f80 is an unknown value
RDX=0x0000000000000005 is an unknown value
RSP=0x000000001743d290 is pointing into the stack for thread: 0x0000000016a7f800
RBP=0x0000000016a7f9d8 is an unknown value
RSI=0x0000000016a7f9d8 is an unknown value
RDI=0x00000007c336b060 is an oop
java.util.RegularEnumSet$EnumSetIterator 
 - klass: 'java/util/RegularEnumSet$EnumSetIterator'
R8 =0x0000000000000000 is an unknown value
R9 =0x0000000000000000 is an unknown value
R10=0x0020007400660061 is an unknown value
R11=0x0000000016cf8570 is an unknown value
R12=0x0000000016cf8570 is an unknown value
R13=0x000000001743d3c0 is pointing into the stack for thread: 0x0000000016a7f800
R14=0x000000001743d3c0 is pointing into the stack for thread: 0x0000000016a7f800
R15=0x0000000016a7f800 is a thread


Stack: [0x0000000017340000,0x0000000017440000],  sp=0x000000001743d290,  free space=1012k
Native frames: (J=compiled Java code, j=interpreted, Vv=VM code, C=native code)
V  [jvm.dll+0xfb971]

Java frames: (J=compiled Java code, j=interpreted, Vv=VM code)
j  de.deaod.jstormlib.MPQArchive.openArchive(Ljava/lang/String;I)J+0
j  de.deaod.jstormlib.MPQArchive.initializeOpen(Ljava/lang/String;Lde/deaod/jstormlib/MPQArchiveOpenFlags;)V+6
j  de.deaod.jstormlib.MPQArchive.<init>(Ljava/io/File;Lde/deaod/jstormlib/MPQArchiveOpenFlags;)V+25
j  com.matrixeater.src.MPQHandler.loadMPQ(Ljava/lang/String;)Lde/deaod/jstormlib/MPQArchive;+35
j  com.matrixeater.src.MPQHandler.<init>()V+53
j  com.matrixeater.src.MPQHandler.get()Lcom/matrixeater/src/MPQHandler;+10
j  com.matrixeater.src.BLPHandler.getGameTex(Ljava/lang/String;)Ljava/awt/image/BufferedImage;+0
j  com.matrixeater.src.PerspectiveViewport.initGL()V+153
j  org.lwjgl.opengl.AWTGLCanvas.paint(Ljava/awt/Graphics;)V+168
j  sun.awt.RepaintArea.paintComponent(Ljava/awt/Component;Ljava/awt/Graphics;)V+6
j  sun.awt.RepaintArea.paint(Ljava/lang/Object;Z)V+326
j  sun.awt.windows.WComponentPeer.handleEvent(Ljava/awt/AWTEvent;)V+155
j  java.awt.Component.dispatchEventImpl(Ljava/awt/AWTEvent;)V+869
j  java.awt.Component.dispatchEvent(Ljava/awt/AWTEvent;)V+2
j  java.awt.EventQueue.dispatchEventImpl(Ljava/awt/AWTEvent;Ljava/lang/Object;)V+41
j  java.awt.EventQueue.access$200(Ljava/awt/EventQueue;Ljava/awt/AWTEvent;Ljava/lang/Object;)V+3
j  java.awt.EventQueue$3.run()Ljava/lang/Void;+12
j  java.awt.EventQueue$3.run()Ljava/lang/Object;+1
v  ~StubRoutines::call_stub
j  java.security.AccessController.doPrivileged(Ljava/security/PrivilegedAction;Ljava/security/AccessControlContext;)Ljava/lang/Object;+0
j  java.security.ProtectionDomain$1.doIntersectionPrivilege(Ljava/security/PrivilegedAction;Ljava/security/AccessControlContext;Ljava/security/AccessControlContext;)Ljava/lang/Object;+28
j  java.security.ProtectionDomain$1.doIntersectionPrivilege(Ljava/security/PrivilegedAction;Ljava/security/AccessControlContext;)Ljava/lang/Object;+6
j  java.awt.EventQueue$4.run()Ljava/lang/Void;+11
j  java.awt.EventQueue$4.run()Ljava/lang/Object;+1
v  ~StubRoutines::call_stub
j  java.security.AccessController.doPrivileged(Ljava/security/PrivilegedAction;Ljava/security/AccessControlContext;)Ljava/lang/Object;+0
j  java.security.ProtectionDomain$1.doIntersectionPrivilege(Ljava/security/PrivilegedAction;Ljava/security/AccessControlContext;Ljava/security/AccessControlContext;)Ljava/lang/Object;+28
j  java.awt.EventQueue.dispatchEvent(Ljava/awt/AWTEvent;)V+73
j  java.awt.EventDispatchThread.pumpOneEventForFilters(I)V+245
j  java.awt.EventDispatchThread.pumpEventsForFilter(ILjava/awt/Conditional;Ljava/awt/EventFilter;)V+35
j  java.awt.EventDispatchThread.pumpEventsForHierarchy(ILjava/awt/Conditional;Ljava/awt/Component;)V+11
j  java.awt.EventDispatchThread.pumpEvents(ILjava/awt/Conditional;)V+4
j  java.awt.EventDispatchThread.pumpEvents(Ljava/awt/Conditional;)V+3
j  java.awt.EventDispatchThread.run()V+9
v  ~StubRoutines::call_stub

---------------  P R O C E S S  ---------------

Java Threads: ( => current thread )
  0x000000001b237000 JavaThread "TimerQueue" daemon [_thread_blocked, id=4720, stack(0x000000001c050000,0x000000001c150000)]
  0x0000000001f0c800 JavaThread "DestroyJavaVM" [_thread_blocked, id=11564, stack(0x0000000002190000,0x0000000002290000)]
  0x0000000016b4a000 JavaThread "D3D Screen Updater" daemon [_thread_blocked, id=3416, stack(0x0000000018710000,0x0000000018810000)]
=>0x0000000016a7f800 JavaThread "AWT-EventQueue-0" [_thread_in_vm, id=11552, stack(0x0000000017340000,0x0000000017440000)]
  0x00000000169c5800 JavaThread "Swing-Shell" daemon [_thread_blocked, id=4948, stack(0x0000000017510000,0x0000000017610000)]
  0x00000000109cf800 JavaThread "Image Fetcher 1" daemon [_thread_blocked, id=5260, stack(0x0000000017220000,0x0000000017320000)]
  0x0000000010862000 JavaThread "Image Fetcher 0" daemon [_thread_blocked, id=4100, stack(0x0000000016580000,0x0000000016680000)]
  0x000000001071b000 JavaThread "AWT-Windows" daemon [_thread_in_native, id=3068, stack(0x00000000114f0000,0x00000000115f0000)]
  0x0000000010718000 JavaThread "AWT-Shutdown" [_thread_blocked, id=12052, stack(0x0000000002090000,0x0000000002190000)]
  0x0000000010717000 JavaThread "Java2D Disposer" daemon [_thread_blocked, id=10316, stack(0x0000000010e90000,0x0000000010f90000)]
  0x0000000010639000 JavaThread "Service Thread" daemon [_thread_blocked, id=3872, stack(0x0000000011120000,0x0000000011220000)]
  0x0000000010634000 JavaThread "C2 CompilerThread1" daemon [_thread_blocked, id=9636, stack(0x0000000010f90000,0x0000000011090000)]
  0x000000001061e800 JavaThread "C2 CompilerThread0" daemon [_thread_blocked, id=12892, stack(0x00000000109e0000,0x0000000010ae0000)]
  0x000000001061e000 JavaThread "Attach Listener" daemon [_thread_blocked, id=7240, stack(0x0000000010d30000,0x0000000010e30000)]
  0x000000001061d000 JavaThread "Signal Dispatcher" daemon [_thread_blocked, id=11984, stack(0x0000000010b30000,0x0000000010c30000)]
  0x000000000e7ba000 JavaThread "Finalizer" daemon [_thread_blocked, id=12180, stack(0x00000000104d0000,0x00000000105d0000)]
  0x000000000e7b1800 JavaThread "Reference Handler" daemon [_thread_blocked, id=11828, stack(0x00000000103c0000,0x00000000104c0000)]

Other Threads:
  0x000000000e7a8800 VMThread [stack: 0x00000000101b0000,0x00000000102b0000] [id=2164]
  0x0000000010649800 WatcherThread [stack: 0x0000000011350000,0x0000000011450000] [id=13276]

VM state:not at safepoint (normal execution)

VM Mutex/Monitor currently owned by a thread: None

Heap
 PSYoungGen      total 106432K, used 60669K [0x00000007c0160000, 0x00000007c7140000, 0x0000000800000000)
  eden space 98304K, 53% used [0x00000007c0160000,0x00000007c34d59a0,0x00000007c6160000)
  from space 8128K, 98% used [0x00000007c6950000,0x00000007c7119b40,0x00000007c7140000)
  to   space 8128K, 0% used [0x00000007c6160000,0x00000007c6160000,0x00000007c6950000)
 ParOldGen       total 130944K, used 7958K [0x0000000740400000, 0x00000007483e0000, 0x00000007c0160000)
  object space 130944K, 6% used [0x0000000740400000,0x0000000740bc5900,0x00000007483e0000)
 PSPermGen       total 21248K, used 17467K [0x000000073b200000, 0x000000073c6c0000, 0x0000000740400000)
  object space 21248K, 82% used [0x000000073b200000,0x000000073c30ee20,0x000000073c6c0000)

Card table byte_map: [0x0000000005290000,0x00000000058c0000] byte_map_base: 0x00000000018b7000

Polling page: 0x0000000001c50000

Code Cache  [0x0000000002290000, 0x0000000002500000, 0x0000000005290000)
 total_blobs=866 nmethods=268 adapters=549 free_code_cache=48001Kb largest_free_block=49123968

Compilation events (10 events):
Event: 4.375 Thread 0x0000000010634000 nmethod 256 0x000000000238f890 code [0x000000000238f9e0, 0x000000000238fb78]
Event: 4.376 Thread 0x000000001061e800 nmethod 259 0x000000000238f510 code [0x000000000238f660, 0x000000000238f748]
Event: 4.395 Thread 0x0000000010634000  261             java.awt.EventQueue::getNextEventPrivate (76 bytes)
Event: 4.398 Thread 0x0000000010634000 nmethod 261 0x000000000238ec50 code [0x000000000238eda0, 0x000000000238ef88]
Event: 4.455 Thread 0x000000001061e800  262  s          java.awt.KeyboardFocusManager::getCurrentKeyboardFocusManager (34 bytes)
Event: 4.456 Thread 0x0000000010634000  263             java.awt.KeyboardFocusManager::getCurrentKeyboardFocusManager (7 bytes)
Event: 4.457 Thread 0x000000001061e800 nmethod 262 0x00000000023b4c50 code [0x00000000023b4dc0, 0x00000000023b5168]
Event: 4.457 Thread 0x0000000010634000 nmethod 263 0x00000000023b27d0 code [0x00000000023b2960, 0x00000000023b2dc8]
Event: 4.464 Thread 0x000000001061e800  264             sun.java2d.StateTrackableDelegate$1::isCurrent (17 bytes)
Event: 4.464 Thread 0x000000001061e800 nmethod 264 0x00000000023ad410 code [0x00000000023ad540, 0x00000000023ad5d8]

GC Heap History (8 events):
Event: 2.511 GC heap before
{Heap before GC invocations=1 (full 0):
 PSYoungGen      total 57280K, used 49152K [0x00000007c0160000, 0x00000007c4140000, 0x0000000800000000)
  eden space 49152K, 100% used [0x00000007c0160000,0x00000007c3160000,0x00000007c3160000)
  from space 8128K, 0% used [0x00000007c3950000,0x00000007c3950000,0x00000007c4140000)
  to   space 8128K, 0% used [0x00000007c3160000,0x00000007c3160000,0x00000007c3950000)
 ParOldGen       total 130944K, used 0K [0x0000000740400000, 0x00000007483e0000, 0x00000007c0160000)
  object space 130944K, 0% used [0x0000000740400000,0x0000000740400000,0x00000007483e0000)
 PSPermGen       total 21248K, used 15210K [0x000000073b200000, 0x000000073c6c0000, 0x0000000740400000)
  object space 21248K, 71% used [0x000000073b200000,0x000000073c0da888,0x000000073c6c0000)
Event: 2.517 GC heap after
Heap after GC invocations=1 (full 0):
 PSYoungGen      total 57280K, used 7362K [0x00000007c0160000, 0x00000007c4140000, 0x0000000800000000)
  eden space 49152K, 0% used [0x00000007c0160000,0x00000007c0160000,0x00000007c3160000)
  from space 8128K, 90% used [0x00000007c3160000,0x00000007c3890960,0x00000007c3950000)
  to   space 8128K, 0% used [0x00000007c3950000,0x00000007c3950000,0x00000007c4140000)
 ParOldGen       total 130944K, used 1993K [0x0000000740400000, 0x00000007483e0000, 0x00000007c0160000)
  object space 130944K, 1% used [0x0000000740400000,0x00000007405f2640,0x00000007483e0000)
 PSPermGen       total 21248K, used 15210K [0x000000073b200000, 0x000000073c6c0000, 0x0000000740400000)
  object space 21248K, 71% used [0x000000073b200000,0x000000073c0da888,0x000000073c6c0000)
}
Event: 2.552 GC heap before
{Heap before GC invocations=2 (full 0):
 PSYoungGen      total 57280K, used 56514K [0x00000007c0160000, 0x00000007c4140000, 0x0000000800000000)
  eden space 49152K, 100% used [0x00000007c0160000,0x00000007c3160000,0x00000007c3160000)
  from space 8128K, 90% used [0x00000007c3160000,0x00000007c3890960,0x00000007c3950000)
  to   space 8128K, 0% used [0x00000007c3950000,0x00000007c3950000,0x00000007c4140000)
 ParOldGen       total 130944K, used 1993K [0x0000000740400000, 0x00000007483e0000, 0x00000007c0160000)
  object space 130944K, 1% used [0x0000000740400000,0x00000007405f2640,0x00000007483e0000)
 PSPermGen       total 21248K, used 15218K [0x000000073b200000, 0x000000073c6c0000, 0x0000000740400000)
  object space 21248K, 71% used [0x000000073b200000,0x000000073c0dcbf8,0x000000073c6c0000)
Event: 2.568 GC heap after
Heap after GC invocations=2 (full 0):
 PSYoungGen      total 57280K, used 7587K [0x00000007c0160000, 0x00000007c7140000, 0x0000000800000000)
  eden space 49152K, 0% used [0x00000007c0160000,0x00000007c0160000,0x00000007c3160000)
  from space 8128K, 93% used [0x00000007c3950000,0x00000007c40b8c60,0x00000007c4140000)
  to   space 8128K, 0% used [0x00000007c3160000,0x00000007c3160000,0x00000007c3950000)
 ParOldGen       total 130944K, used 3979K [0x0000000740400000, 0x00000007483e0000, 0x00000007c0160000)
  object space 130944K, 3% used [0x0000000740400000,0x00000007407e2c80,0x00000007483e0000)
 PSPermGen       total 21248K, used 15218K [0x000000073b200000, 0x000000073c6c0000, 0x0000000740400000)
  object space 21248K, 71% used [0x000000073b200000,0x000000073c0dcbf8,0x000000073c6c0000)
}
Event: 2.594 GC heap before
{Heap before GC invocations=3 (full 0):
 PSYoungGen      total 57280K, used 56739K [0x00000007c0160000, 0x00000007c7140000, 0x0000000800000000)
  eden space 49152K, 100% used [0x00000007c0160000,0x00000007c3160000,0x00000007c3160000)
  from space 8128K, 93% used [0x00000007c3950000,0x00000007c40b8c60,0x00000007c4140000)
  to   space 8128K, 0% used [0x00000007c3160000,0x00000007c3160000,0x00000007c3950000)
 ParOldGen       total 130944K, used 3979K [0x0000000740400000, 0x00000007483e0000, 0x00000007c0160000)
  object space 130944K, 3% used [0x0000000740400000,0x00000007407e2c80,0x00000007483e0000)
 PSPermGen       total 21248K, used 15219K [0x000000073b200000, 0x000000073c6c0000, 0x0000000740400000)
  object space 21248K, 71% used [0x000000073b200000,0x000000073c0dce80,0x000000073c6c0000)
Event: 2.599 GC heap after
Heap after GC invocations=3 (full 0):
 PSYoungGen      total 57280K, used 7779K [0x00000007c0160000, 0x00000007c7140000, 0x0000000800000000)
  eden space 49152K, 0% used [0x00000007c0160000,0x00000007c0160000,0x00000007c3160000)
  from space 8128K, 95% used [0x00000007c3160000,0x00000007c38f8c60,0x00000007c3950000)
  to   space 8128K, 0% used [0x00000007c6950000,0x00000007c6950000,0x00000007c7140000)
 ParOldGen       total 130944K, used 5972K [0x0000000740400000, 0x00000007483e0000, 0x00000007c0160000)
  object space 130944K, 4% used [0x0000000740400000,0x00000007409d52c0,0x00000007483e0000)
 PSPermGen       total 21248K, used 15219K [0x000000073b200000, 0x000000073c6c0000, 0x0000000740400000)
  object space 21248K, 71% used [0x000000073b200000,0x000000073c0dce80,0x000000073c6c0000)
}
Event: 2.622 GC heap before
{Heap before GC invocations=4 (full 0):
 PSYoungGen      total 57280K, used 56931K [0x00000007c0160000, 0x00000007c7140000, 0x0000000800000000)
  eden space 49152K, 100% used [0x00000007c0160000,0x00000007c3160000,0x00000007c3160000)
  from space 8128K, 95% used [0x00000007c3160000,0x00000007c38f8c60,0x00000007c3950000)
  to   space 8128K, 0% used [0x00000007c6950000,0x00000007c6950000,0x00000007c7140000)
 ParOldGen       total 130944K, used 5972K [0x0000000740400000, 0x00000007483e0000, 0x00000007c0160000)
  object space 130944K, 4% used [0x0000000740400000,0x00000007409d52c0,0x00000007483e0000)
 PSPermGen       total 21248K, used 15219K [0x000000073b200000, 0x000000073c6c0000, 0x0000000740400000)
  object space 21248K, 71% used [0x000000073b200000,0x000000073c0dcf38,0x000000073c6c0000)
Event: 2.627 GC heap after
Heap after GC invocations=4 (full 0):
 PSYoungGen      total 106432K, used 7974K [0x00000007c0160000, 0x00000007c7140000, 0x0000000800000000)
  eden space 98304K, 0% used [0x00000007c0160000,0x00000007c0160000,0x00000007c6160000)
  from space 8128K, 98% used [0x00000007c6950000,0x00000007c7119b40,0x00000007c7140000)
  to   space 8128K, 0% used [0x00000007c6160000,0x00000007c6160000,0x00000007c6950000)
 ParOldGen       total 130944K, used 7958K [0x0000000740400000, 0x00000007483e0000, 0x00000007c0160000)
  object space 130944K, 6% used [0x0000000740400000,0x0000000740bc5900,0x00000007483e0000)
 PSPermGen       total 21248K, used 15219K [0x000000073b200000, 0x000000073c6c0000, 0x0000000740400000)
  object space 21248K, 71% used [0x000000073b200000,0x000000073c0dcf38,0x000000073c6c0000)
}

Deoptimization events (10 events):
Event: 0.513 Thread 0x0000000001f0c800 Uncommon trap -34 fr.pc 0x000000000230b690
Event: 0.513 Thread 0x0000000001f0c800 Uncommon trap -34 fr.pc 0x000000000230b690
Event: 2.379 Thread 0x0000000016a7f800 Uncommon trap -83 fr.pc 0x000000000232d8b8
Event: 2.424 Thread 0x0000000016a7f800 Uncommon trap -42 fr.pc 0x0000000002331794
Event: 2.428 Thread 0x0000000016a7f800 Uncommon trap -42 fr.pc 0x0000000002331794
Event: 2.428 Thread 0x0000000016a7f800 Uncommon trap -42 fr.pc 0x0000000002331794
Event: 2.428 Thread 0x0000000016a7f800 Uncommon trap -42 fr.pc 0x0000000002331794
Event: 2.649 Thread 0x0000000016a7f800 Uncommon trap -83 fr.pc 0x0000000002345684
Event: 2.714 Thread 0x0000000016a7f800 Uncommon trap -83 fr.pc 0x000000000232a6ec
Event: 2.714 Thread 0x0000000016a7f800 Uncommon trap -83 fr.pc 0x0000000002326330

Internal exceptions (10 events):
Event: 3.139 Thread 0x0000000016a7f800 Threw 0x00000007c2c44978 at C:\jdk7u2_64p\jdk7u21\hotspot\src\share\vm\prims\jvm.cpp:1166
Event: 3.140 Thread 0x0000000016a7f800 Threw 0x00000007c2c48480 at C:\jdk7u2_64p\jdk7u21\hotspot\src\share\vm\prims\jvm.cpp:3649
Event: 3.140 Thread 0x0000000016a7f800 Threw 0x00000007c2c48480 at C:\jdk7u2_64p\jdk7u21\hotspot\src\share\vm\prims\jni.cpp:716
Event: 3.142 Thread 0x0000000016a7f800 Threw 0x00000007c2c498b0 at C:\jdk7u2_64p\jdk7u21\hotspot\src\share\vm\prims\jvm.cpp:1166
Event: 3.144 Thread 0x0000000016a7f800 Threw 0x00000007c2c50ed8 at C:\jdk7u2_64p\jdk7u21\hotspot\src\share\vm\prims\jvm.cpp:1166
Event: 3.203 Thread 0x0000000016a7f800 Threw 0x00000007c2c54188 at C:\jdk7u2_64p\jdk7u21\hotspot\src\share\vm\prims\jvm.cpp:1166
Event: 3.322 Thread 0x0000000016a7f800 Threw 0x00000007c2c9f958 at C:\jdk7u2_64p\jdk7u21\hotspot\src\share\vm\prims\jvm.cpp:1166
Event: 3.323 Thread 0x0000000016a7f800 Threw 0x00000007c2cacd30 at C:\jdk7u2_64p\jdk7u21\hotspot\src\share\vm\prims\jvm.cpp:1166
Event: 3.324 Thread 0x0000000016a7f800 Threw 0x00000007c2caf9a0 at C:\jdk7u2_64p\jdk7u21\hotspot\src\share\vm\prims\jvm.cpp:1166
Event: 3.324 Thread 0x0000000016a7f800 Threw 0x00000007c2cb5a20 at C:\jdk7u2_64p\jdk7u21\hotspot\src\share\vm\prims\jvm.cpp:1166

Events (10 events):
Event: 4.232 loading class 0x0000000010619940
Event: 4.232 loading class 0x0000000010619940 done
Event: 4.499 loading class 0x000000001066a5d0
Event: 4.499 loading class 0x000000001066a5d0 done
Event: 4.500 loading class 0x00000000106a4ab0
Event: 4.500 loading class 0x00000000106a4ab0 done
Event: 4.500 loading class 0x00000000106ada20
Event: 4.500 loading class 0x00000000106ada20 done
Event: 4.504 loading class 0x0000000016e4d250
Event: 4.504 loading class 0x0000000016e4d250 done


Dynamic libraries:
0x000000013ff40000 - 0x000000013ff73000 	C:\Program Files\Java\jre7\bin\javaw.exe
0x0000000077630000 - 0x00000000777d9000 	C:\Windows\SYSTEM32\ntdll.dll
0x0000000077510000 - 0x000000007762f000 	C:\Windows\system32\kernel32.dll
0x000007fefd6f0000 - 0x000007fefd75b000 	C:\Windows\system32\KERNELBASE.dll
0x000007fefe390000 - 0x000007fefe46b000 	C:\Windows\system32\ADVAPI32.dll
0x000007fefeb10000 - 0x000007fefebaf000 	C:\Windows\system32\msvcrt.dll
0x000007fefdf60000 - 0x000007fefdf7f000 	C:\Windows\SYSTEM32\sechost.dll
0x000007fefd940000 - 0x000007fefda6d000 	C:\Windows\system32\RPCRT4.dll
0x0000000077410000 - 0x000000007750a000 	C:\Windows\system32\USER32.dll
0x000007fefe470000 - 0x000007fefe4d7000 	C:\Windows\system32\GDI32.dll
0x000007fefe710000 - 0x000007fefe71e000 	C:\Windows\system32\LPK.dll
0x000007fefde10000 - 0x000007fefded9000 	C:\Windows\system32\USP10.dll
0x000007fefbd90000 - 0x000007fefbf84000 	C:\Windows\WinSxS\amd64_microsoft.windows.common-controls_6595b64144ccf1df_6.0.7601.17514_none_fa396087175ac9ac\COMCTL32.dll
0x000007fefdee0000 - 0x000007fefdf51000 	C:\Windows\system32\SHLWAPI.dll
0x000007fefda70000 - 0x000007fefda9e000 	C:\Windows\system32\IMM32.DLL
0x000007fefdaa0000 - 0x000007fefdba9000 	C:\Windows\system32\MSCTF.dll
0x0000000066b80000 - 0x0000000066c51000 	C:\Program Files\Java\jre7\bin\msvcr100.dll
0x000000006e330000 - 0x000000006ea51000 	C:\Program Files\Java\jre7\bin\server\jvm.dll
0x000007fefa600000 - 0x000007fefa609000 	C:\Windows\system32\WSOCK32.dll
0x000007fefd810000 - 0x000007fefd85d000 	C:\Windows\system32\WS2_32.dll
0x000007fefe700000 - 0x000007fefe708000 	C:\Windows\system32\NSI.dll
0x000007fefb800000 - 0x000007fefb83b000 	C:\Windows\system32\WINMM.dll
0x00000000777f0000 - 0x00000000777f7000 	C:\Windows\system32\PSAPI.DLL
0x00000000736d0000 - 0x00000000736df000 	C:\Program Files\Java\jre7\bin\verify.dll
0x000000006bd30000 - 0x000000006bd58000 	C:\Program Files\Java\jre7\bin\java.dll
0x00000000672a0000 - 0x00000000672b5000 	C:\Program Files\Java\jre7\bin\zip.dll
0x00000000669a0000 - 0x0000000066b33000 	C:\Program Files\Java\jre7\bin\awt.dll
0x000007fefe4e0000 - 0x000007fefe5b7000 	C:\Windows\system32\OLEAUT32.dll
0x000007fefe720000 - 0x000007fefe923000 	C:\Windows\system32\ole32.dll
0x000007fefbbb0000 - 0x000007fefbc06000 	C:\Windows\system32\uxtheme.dll
0x0000000073c10000 - 0x0000000073c44000 	C:\Fraps\fraps64.dll
0x000007fefb780000 - 0x000007fefb798000 	C:\Windows\system32\dwmapi.dll
0x000007fefd310000 - 0x000007fefd31f000 	C:\Windows\system32\CRYPTBASE.dll
0x000007fefebb0000 - 0x000007feff938000 	C:\Windows\system32\SHELL32.dll
0x000007feeafb0000 - 0x000007feeb1af000 	C:\Windows\system32\d3d9.dll
0x000007fefc890000 - 0x000007fefc89c000 	C:\Windows\system32\VERSION.dll
0x000007fefb4f0000 - 0x000007fefb4f7000 	C:\Windows\system32\d3d8thk.dll
0x0000000073260000 - 0x0000000073328000 	C:\Windows\system32\aticfx64.dll
0x000007fefc100000 - 0x000007fefc10d000 	C:\Windows\system32\atiu9p64.dll
0x00000000700d0000 - 0x0000000070609000 	C:\Windows\system32\atiumd64.dll
0x0000000070780000 - 0x0000000070b4a000 	C:\Windows\system32\atiumd6a.dll
0x0000000066960000 - 0x000000006699e000 	C:\Program Files\Java\jre7\bin\fontmanager.dll
0x0000000066b60000 - 0x0000000066b79000 	C:\Program Files\Java\jre7\bin\net.dll
0x000007fefcc00000 - 0x000007fefcc55000 	C:\Windows\system32\mswsock.dll
0x000007fefcca0000 - 0x000007fefcca7000 	C:\Windows\System32\wship6.dll
0x0000000066b40000 - 0x0000000066b51000 	C:\Program Files\Java\jre7\bin\nio.dll
0x000007fee6bb0000 - 0x000007fee6c50000 	C:\Windows\WinSxS\amd64_microsoft.windows.common-controls_6595b64144ccf1df_5.82.7601.18201_none_a4d3b9377117c3df\comctl32.dll
0x000007fefe930000 - 0x000007fefeb07000 	C:\Windows\system32\SETUPAPI.dll
0x000007fefd530000 - 0x000007fefd566000 	C:\Windows\system32\CFGMGR32.dll
0x000007fefd490000 - 0x000007fefd4aa000 	C:\Windows\system32\DEVOBJ.dll
0x000007fefe5c0000 - 0x000007fefe659000 	C:\Windows\system32\CLBCatQ.DLL
0x000007fefbc10000 - 0x000007fefbd3c000 	C:\Windows\system32\propsys.dll
0x000007fefc280000 - 0x000007fefc2ad000 	C:\Windows\system32\ntmarta.dll
0x000007fefd860000 - 0x000007fefd8b2000 	C:\Windows\system32\WLDAP32.dll
0x000007fefd2b0000 - 0x000007fefd307000 	C:\Windows\system32\apphelp.dll
0x000007fef2240000 - 0x000007fef23dc000 	C:\Windows\system32\NetworkExplorer.dll
0x000007fefb3b0000 - 0x000007fefb3e4000 	C:\Windows\System32\shdocvw.dll
0x000007fefd3e0000 - 0x000007fefd3ef000 	C:\Windows\system32\profapi.dll
0x000007fefaab0000 - 0x000007fefaabb000 	C:\Windows\system32\slc.dll
0x000007fefb5d0000 - 0x000007fefb731000 	C:\Windows\system32\WindowsCodecs.dll
0x000007fefac50000 - 0x000007fefac8f000 	C:\Users\Eric\AppData\Local\Microsoft\SkyDrive\17.0.4035.0328\amd64\SkyDriveShell64.dll
0x000007fef9f10000 - 0x000007fef9fb7000 	C:\Users\Eric\AppData\Local\Microsoft\SkyDrive\17.0.4035.0328\amd64\MSVCP110.dll
0x000007fef9e40000 - 0x000007fef9f0e000 	C:\Users\Eric\AppData\Local\Microsoft\SkyDrive\17.0.4035.0328\amd64\MSVCR110.dll
0x000007fefdbd0000 - 0x000007fefde10000 	C:\Windows\system32\WININET.dll
0x000007fefd520000 - 0x000007fefd524000 	C:\Windows\system32\api-ms-win-downlevel-user32-l1-1-0.dll
0x000007fefd500000 - 0x000007fefd504000 	C:\Windows\system32\api-ms-win-downlevel-shlwapi-l1-1-0.dll
0x000007fefd510000 - 0x000007fefd514000 	C:\Windows\system32\api-ms-win-downlevel-version-l1-1-0.dll
0x000007fefd4f0000 - 0x000007fefd4f3000 	C:\Windows\system32\api-ms-win-downlevel-normaliz-l1-1-0.dll
0x0000000077800000 - 0x0000000077803000 	C:\Windows\system32\normaliz.DLL
0x000007fefdf80000 - 0x000007fefe229000 	C:\Windows\system32\iertutil.dll
0x000007fefd570000 - 0x000007fefd575000 	C:\Windows\system32\api-ms-win-downlevel-advapi32-l1-1-0.dll
0x000007fef3fe0000 - 0x000007fef421b000 	C:\Program Files\Microsoft Office 15\root\VFS\ProgramFilesX64\Microsoft Office\Office15\GROOVEEX.DLL
0x0000000073360000 - 0x00000000733f8000 	C:\Program Files\Microsoft Office 15\root\VFS\ProgramFilesX64\Microsoft Office\Office15\MSVCP100.dll
0x00000000748a0000 - 0x00000000748cb000 	C:\Program Files\Microsoft Office 15\root\VFS\ProgramFilesX64\Microsoft Office\Office15\ATL100.DLL
0x000007fef2d80000 - 0x000007fef3097000 	C:\Windows\system32\msi.dll
0x000007fef0c10000 - 0x000007fef1485000 	C:\Program Files\Microsoft Office 15\root\VFS\ProgramFilesX64\Microsoft Office\Office15\1033\GrooveIntlResource.dll
0x0000000073340000 - 0x0000000073356000 	C:\Program Files\Common Files\TortoiseOverlays\TortoiseOverlays.dll
0x0000000072ca0000 - 0x0000000072cb7000 	C:\Program Files\TortoiseSVN\bin\TortoiseStub.dll
0x0000000072c20000 - 0x0000000072c9c000 	C:\Program Files\TortoiseSVN\bin\TortoiseSVN.dll
0x000007fef2910000 - 0x000007fef2d79000 	C:\Program Files\TortoiseSVN\bin\libsvn_tsvn.dll
0x0000000072bf0000 - 0x0000000072c1d000 	C:\Program Files\TortoiseSVN\bin\libapr_tsvn.dll
0x0000000072ba0000 - 0x0000000072be5000 	C:\Program Files\TortoiseSVN\bin\libaprutil_tsvn.dll
0x000007fefaa90000 - 0x000007fefaaa1000 	C:\Program Files\TortoiseSVN\bin\intl3_tsvn.dll
0x000007fefaa70000 - 0x000007fefaa89000 	C:\Program Files\TortoiseSVN\bin\libsasl.dll
0x000007fefd0b0000 - 0x000007fefd0bb000 	C:\Windows\system32\Secur32.dll
0x000007fefd280000 - 0x000007fefd2a5000 	C:\Windows\system32\SSPICLI.DLL
0x000007fefd580000 - 0x000007fefd6ec000 	C:\Windows\system32\CRYPT32.dll
0x000007fefd480000 - 0x000007fefd48f000 	C:\Windows\system32\MSASN1.dll
0x0000000066800000 - 0x0000000066841000 	C:\Program Files\Java\jre7\bin\t2k.dll
0x000007fef9a00000 - 0x000007fef9a18000 	C:\Windows\system32\MPR.dll
0x000007fefa330000 - 0x000007fefa33a000 	C:\Windows\System32\drprov.dll
0x000007fefc7d0000 - 0x000007fefc80d000 	C:\Windows\System32\WINSTA.dll
0x000007fef8f60000 - 0x000007fef8f82000 	C:\Windows\System32\ntlanman.dll
0x000007fef8f40000 - 0x000007fef8f5c000 	C:\Windows\System32\davclnt.dll
0x000007fefbfb0000 - 0x000007fefbfba000 	C:\Windows\System32\DAVHLPR.dll
0x000007fefb460000 - 0x000007fefb475000 	C:\Windows\system32\wkscli.dll
0x000007fef57f0000 - 0x000007fef57ff000 	C:\Windows\system32\cscapi.dll
0x000007fefb480000 - 0x000007fefb48c000 	C:\Windows\system32\netutils.dll
0x000007fee42e0000 - 0x000007fee4551000 	C:\Windows\system32\wpdshext.dll
0x000007fefb990000 - 0x000007fefbba6000 	C:\Windows\WinSxS\amd64_microsoft.windows.gdiplus_6595b64144ccf1df_1.1.7601.18120_none_2b25b14c71ebf230\gdiplus.dll
0x000007fef5f30000 - 0x000007fef5fed000 	C:\Windows\system32\PortableDeviceApi.dll
0x000007fefd4b0000 - 0x000007fefd4ea000 	C:\Windows\system32\WINTRUST.dll
0x000007fef58d0000 - 0x000007fef5909000 	C:\Windows\system32\PortableDeviceTypes.dll
0x000007fef45e0000 - 0x000007fef4615000 	C:\Windows\system32\EhStorShell.dll
0x000007fee8a70000 - 0x000007fee8a97000 	C:\Windows\system32\EhStorAPI.dll
0x000007fefbfa0000 - 0x000007fefbfac000 	C:\Windows\system32\LINKINFO.dll
0x000007fefb440000 - 0x000007fefb454000 	C:\Windows\system32\samcli.dll
0x000007fefbd40000 - 0x000007fefbd5d000 	C:\Windows\system32\SAMLIB.dll
0x0000000180000000 - 0x000000018004f000 	C:\Users\Eric\workspace\MatrixEater3D\lib\lwjgl64.dll
0x000007fef3230000 - 0x000007fef334d000 	C:\Windows\system32\OPENGL32.dll
0x000007fefa4b0000 - 0x000007fefa4dd000 	C:\Windows\system32\GLU32.dll
0x000007fef3130000 - 0x000007fef3221000 	C:\Windows\system32\DDRAW.dll
0x000007fefbf90000 - 0x000007fefbf98000 	C:\Windows\system32\DCIMAN32.dll
0x0000000072da0000 - 0x0000000072da7000 	C:\Program Files\Java\jre7\bin\jawt.dll
0x000007fefa500000 - 0x000007fefa508000 	C:\Windows\system32\atig6pxx.dll
0x0000000069030000 - 0x000000006a67b000 	C:\Windows\system32\atio6axx.dll
0x000007fefa520000 - 0x000007fefa52e000 	C:\Windows\system32\atig6txx.dll
0x0000000012680000 - 0x00000000126dd000 	C:\Windows\system32\atiadlxx.dll
0x000007fefc700000 - 0x000007fefc71e000 	C:\Windows\system32\USERENV.dll
0x000007fefc390000 - 0x000007fefc3a1000 	C:\Windows\system32\WTSAPI32.dll
0x000007fee8700000 - 0x000007fee8775000 	C:\Users\Eric\workspace\MatrixEater3D\lib\JStormLib32.dll
0x000007fef9b70000 - 0x000007fef9c95000 	C:\Windows\system32\dbghelp.dll

VM Arguments:
jvm_args: -Djava.library.path=C:\Users\Eric\workspace\MatrixEater3D\lib;C:\Users\Eric\workspace\MatrixEater3D\lib -Dfile.encoding=Cp1252 
java_command: com.matrixeater.src.MainFrame
Launcher Type: SUN_STANDARD

Environment Variables:
CLASSPATH=.;C:\Program Files (x86)\Java\jre7\lib\ext\QTJava.zip
PATH=C:\Windows\system32;C:\Windows;C:\Windows\System32\Wbem;C:\Windows\System32\WindowsPowerShell\v1.0\;C:\Program Files (x86)\ATI Technologies\ATI.ACE\Core-Static;C:\Program Files (x86)\Common Files\Adobe\AGL;C:\strawberry\c\bin;C:\strawberry\perl\bin;C:\strawberry\c\bin;C:\strawberry\perl\bin;C:\Program Files\TortoiseSVN\bin;C:\Program Files (x86)\QuickTime\QTSystem\
USERNAME=Eric
OS=Windows_NT
PROCESSOR_IDENTIFIER=Intel64 Family 6 Model 42 Stepping 7, GenuineIntel



---------------  S Y S T E M  ---------------

OS: Windows 7 , 64 bit Build 7601 Service Pack 1

CPU:total 8 (4 cores per cpu, 2 threads per core) family 6 model 42 stepping 7, cmov, cx8, fxsr, mmx, sse, sse2, sse3, ssse3, sse4.1, sse4.2, popcnt, avx, ht, tsc, tscinvbit

Memory: 4k page, physical 12565752k(7752096k free), swap 25129640k(15536984k free)

vm_info: Java HotSpot(TM) 64-Bit Server VM (23.21-b01) for windows-amd64 JRE (1.7.0_21-b11), built on Apr  4 2013 08:11:28 by "java_re" with unknown MS VC++:1600

time: Sun Apr 20 13:51:04 2014
elapsed time: 4 seconds

