#
# A fatal error has been detected by the Java Runtime Environment:
#
#  EXCEPTION_ACCESS_VIOLATION (0xc0000005) at pc=0x0000000180003b10, pid=45420, tid=42680
#
# JRE version: 7.0-b147
# Java VM: Java HotSpot(TM) 64-Bit Server VM (21.0-b17 mixed mode windows-amd64 compressed oops)
# Problematic frame:
# C  0x0000000180003b10
#
# Failed to write core dump. Minidumps are not enabled by default on client versions of Windows
#
# If you would like to submit a bug report, please visit:
#   http://bugreport.sun.com/bugreport/crash.jsp
# The crash happened outside the Java Virtual Machine in native code.
# See problematic frame for where to report the bug.
#

---------------  T H R E A D  ---------------

Current thread (0x00000000021f2800):  JavaThread "Finalizer" daemon [_thread_in_native, id=42680, stack(0x0000000006f80000,0x0000000007080000)]

siginfo: ExceptionCode=0xc0000005, ExceptionInformation=0x0000000000000008 0x0000000180003b10

Registers:
RAX=0x0000000180003b10, RBX=0x0000000780031b40, RCX=0x00000000021f29d0, RDX=0x000000000707f110
RSP=0x000000000707f088, RBP=0x000000000707f100, RSI=0x00000000021f2800, RDI=0x0000000000000000
R8 =0x0000000005f0c160, R9 =0x0000000000000001, R10=0x0000000002488a55, R11=0x000000006d96a160
R12=0x0000000000000000, R13=0x0000000780031b40, R14=0x000000000707f128, R15=0x00000000021f2800
RIP=0x0000000180003b10, EFLAGS=0x0000000000010202

Top of Stack: (sp=0x000000000707f088)
0x000000000707f088:   0000000002488a82 00000000024760d8
0x000000000707f098:   0000000000000000 0000000002483998
0x000000000707f0a8:   00000007871e4bf0 00000000f0ee6e6d
0x000000000707f0b8:   000000000259e12c 000000000707f0c0
0x000000000707f0c8:   0000000000000000 000000000707f128
0x000000000707f0d8:   00000007800e66e8 0000000000000000
0x000000000707f0e8:   0000000780031b40 0000000000000000
0x000000000707f0f8:   000000000707f120 000000000707f170
0x000000000707f108:   00000000024760d8 0000000784ec35b0
0x000000000707f118:   0000000002483998 0000000005f0c160
0x000000000707f128:   000000000707f128 000000000707f130
0x000000000707f138:   000000078002eecc 000000000707f180
0x000000000707f148:   00000007800e66e8 0000000000000000
0x000000000707f158:   000000078002eef0 000000000707f120
0x000000000707f168:   000000000707f180 000000000707f260
0x000000000707f178:   0000000002470573 00000007871e4c00 

Instructions: (pc=0x0000000180003b10)
0x0000000180003af0:   
[error occurred during error reporting (printing registers, top of stack, instructions near pc), id 0xc0000005]

Register to memory mapping:

RAX=0x0000000180003b10 is an unknown value
RBX=0x0000000780031b40 is an oop
{method} 
 - klass: {other class}
RCX=0x00000000021f29d0 is an unknown value
RDX=0x000000000707f110 is pointing into the stack for thread: 0x00000000021f2800
RSP=0x000000000707f088 is pointing into the stack for thread: 0x00000000021f2800
RBP=0x000000000707f100 is pointing into the stack for thread: 0x00000000021f2800
RSI=0x00000000021f2800 is a thread
RDI=0x0000000000000000 is an unknown value
R8 =0x0000000005f0c160 is an unknown value
R9 =0x0000000000000001 is an unknown value
R10=0x0000000002488a55 is an Interpreter codelet
method entry point (kind = native)  [0x0000000002488560, 0x0000000002489420]  3776 bytes
R11=0x000000006d96a160 is an unknown value
R12=0x0000000000000000 is an unknown value
R13=0x0000000780031b40 is an oop
{method} 
 - klass: {other class}
R14=0x000000000707f128 is pointing into the stack for thread: 0x00000000021f2800
R15=0x00000000021f2800 is a thread


Stack: [0x0000000006f80000,0x0000000007080000],  sp=0x000000000707f088,  free space=1020k
Native frames: (J=compiled Java code, j=interpreted, Vv=VM code, C=native code)
C  0x0000000180003b10
j  com.sun.jna.Memory.finalize()V+4
v  ~StubRoutines::call_stub
V  [jvm.dll+0x1a4446]

Java frames: (J=compiled Java code, j=interpreted, Vv=VM code)
j  com.sun.jna.Memory.free(J)V+0
j  com.sun.jna.Memory.finalize()V+4
v  ~StubRoutines::call_stub
j  java.lang.ref.Finalizer.invokeFinalizeMethod(Ljava/lang/Object;)V+0
j  java.lang.ref.Finalizer.runFinalizer()V+45
j  java.lang.ref.Finalizer.access$100(Ljava/lang/ref/Finalizer;)V+1
j  java.lang.ref.Finalizer$FinalizerThread.run()V+11
v  ~StubRoutines::call_stub

---------------  P R O C E S S  ---------------

Java Threads: ( => current thread )
  0x0000000009048800 JavaThread "Thread-0" daemon [_thread_in_native, id=47800, stack(0x000000000a9d0000,0x000000000aad0000)]
  0x0000000009047800 JavaThread "TimerQueue" daemon [_thread_blocked, id=46376, stack(0x000000000d3f0000,0x000000000d4f0000)]
  0x0000000009048000 JavaThread "DestroyJavaVM" [_thread_blocked, id=46592, stack(0x0000000002370000,0x0000000002470000)]
  0x0000000009046800 JavaThread "AWT-EventQueue-0" [_thread_blocked, id=46880, stack(0x000000000aad0000,0x000000000abd0000)]
  0x0000000006689000 JavaThread "AWT-Shutdown" [_thread_blocked, id=46160, stack(0x00000000087b0000,0x00000000088b0000)]
  0x0000000008240800 JavaThread "Java2D Disposer" daemon [_thread_blocked, id=43844, stack(0x0000000008640000,0x0000000008740000)]
  0x00000000065d6000 JavaThread "Service Thread" daemon [_thread_blocked, id=46268, stack(0x0000000008100000,0x0000000008200000)]
  0x00000000065d5000 JavaThread "C2 CompilerThread1" daemon [_thread_blocked, id=44136, stack(0x0000000007fd0000,0x00000000080d0000)]
  0x00000000065cf800 JavaThread "C2 CompilerThread0" daemon [_thread_blocked, id=46344, stack(0x0000000007dd0000,0x0000000007ed0000)]
  0x00000000065cc000 JavaThread "JDWP Command Reader" daemon [_thread_in_native, id=46316, stack(0x0000000007ca0000,0x0000000007da0000)]
  0x00000000065bf000 JavaThread "JDWP Event Helper Thread" daemon [_thread_blocked, id=27668, stack(0x00000000076a0000,0x00000000077a0000)]
  0x00000000065b4800 JavaThread "JDWP Transport Listener: dt_socket" daemon [_thread_blocked, id=44912, stack(0x0000000007b50000,0x0000000007c50000)]
  0x00000000065ad800 JavaThread "Attach Listener" daemon [_thread_blocked, id=27804, stack(0x00000000070b0000,0x00000000071b0000)]
  0x00000000065a6800 JavaThread "Signal Dispatcher" daemon [_thread_blocked, id=42320, stack(0x0000000006a70000,0x0000000006b70000)]
=>0x00000000021f2800 JavaThread "Finalizer" daemon [_thread_in_native, id=42680, stack(0x0000000006f80000,0x0000000007080000)]
  0x00000000021ef000 JavaThread "Reference Handler" daemon [_thread_in_Java, id=45920, stack(0x0000000006db0000,0x0000000006eb0000)]

Other Threads:
  0x00000000021e5800 VMThread [stack: 0x0000000006ba0000,0x0000000006ca0000] [id=45028]
  0x00000000065f1000 WatcherThread [stack: 0x0000000007890000,0x0000000007990000] [id=46252]

VM state:not at safepoint (normal execution)

VM Mutex/Monitor currently owned by a thread: None

Heap
 PSYoungGen      total 266816K, used 10341K [0x00000007d6eb0000, 0x00000007ebdf0000, 0x0000000800000000)
  eden space 224896K, 4% used [0x00000007d6eb0000,0x00000007d78c96c0,0x00000007e4a50000)
  from space 41920K, 0% used [0x00000007e7e80000,0x00000007e7e80000,0x00000007ea770000)
  to   space 53440K, 0% used [0x00000007e4a50000,0x00000007e4a50000,0x00000007e7e80000)
 PSOldGen        total 139520K, used 84159K [0x0000000784c00000, 0x000000078d440000, 0x00000007d6eb0000)
  object space 139520K, 60% used [0x0000000784c00000,0x0000000789e2ffc8,0x000000078d440000)
 PSPermGen       total 36224K, used 17851K [0x000000077fa00000, 0x0000000781d60000, 0x0000000784c00000)
  object space 36224K, 49% used [0x000000077fa00000,0x0000000780b6ee40,0x0000000781d60000)

Code Cache  [0x0000000002470000, 0x00000000026e0000, 0x0000000005470000)
 total_blobs=1164 nmethods=616 adapters=507 free_code_cache=46934Kb largest_free_block=47985216

Dynamic libraries:
0x000000013f290000 - 0x000000013f2c3000 	C:\Program Files (x86)\Eclipse\jre\bin\javaw.exe
0x0000000076dc0000 - 0x0000000076f69000 	C:\Windows\SYSTEM32\ntdll.dll
0x0000000076ca0000 - 0x0000000076dbf000 	C:\Windows\system32\kernel32.dll
0x000007fefcf30000 - 0x000007fefcf9b000 	C:\Windows\system32\KERNELBASE.dll
0x000007fefe750000 - 0x000007fefe82b000 	C:\Windows\system32\ADVAPI32.dll
0x000007fefd3d0000 - 0x000007fefd46f000 	C:\Windows\system32\msvcrt.dll
0x000007fefe410000 - 0x000007fefe42f000 	C:\Windows\SYSTEM32\sechost.dll
0x000007fefe2e0000 - 0x000007fefe40d000 	C:\Windows\system32\RPCRT4.dll
0x0000000076ba0000 - 0x0000000076c9a000 	C:\Windows\system32\USER32.dll
0x000007fefef40000 - 0x000007fefefa7000 	C:\Windows\system32\GDI32.dll
0x000007fefeb10000 - 0x000007fefeb1e000 	C:\Windows\system32\LPK.dll
0x000007fefeb20000 - 0x000007fefebe9000 	C:\Windows\system32\USP10.dll
0x000007fefbc70000 - 0x000007fefbe64000 	C:\Windows\WinSxS\amd64_microsoft.windows.common-controls_6595b64144ccf1df_6.0.7601.17514_none_fa396087175ac9ac\COMCTL32.dll
0x000007fefe8b0000 - 0x000007fefe921000 	C:\Windows\system32\SHLWAPI.dll
0x000007fefe670000 - 0x000007fefe69e000 	C:\Windows\system32\IMM32.DLL
0x000007fefefb0000 - 0x000007feff0b9000 	C:\Windows\system32\MSCTF.dll
0x00000000612e0000 - 0x00000000613b1000 	C:\Program Files (x86)\Eclipse\jre\bin\msvcr100.dll
0x000000006d7b0000 - 0x000000006de7e000 	C:\Program Files (x86)\Eclipse\jre\bin\server\jvm.dll
0x000007fef7b10000 - 0x000007fef7b19000 	C:\Windows\system32\WSOCK32.dll
0x000007fefe6a0000 - 0x000007fefe6ed000 	C:\Windows\system32\WS2_32.dll
0x000007feff0c0000 - 0x000007feff0c8000 	C:\Windows\system32\NSI.dll
0x000007fef9400000 - 0x000007fef943b000 	C:\Windows\system32\WINMM.dll
0x0000000076f90000 - 0x0000000076f97000 	C:\Windows\system32\PSAPI.DLL
0x000000006e620000 - 0x000000006e62f000 	C:\Program Files (x86)\Eclipse\jre\bin\verify.dll
0x000000006ce90000 - 0x000000006ceb8000 	C:\Program Files (x86)\Eclipse\jre\bin\java.dll
0x000000006ce50000 - 0x000000006ce85000 	C:\Program Files (x86)\Eclipse\jre\bin\jdwp.dll
0x000000006f3e0000 - 0x000000006f3e8000 	C:\Program Files (x86)\Eclipse\jre\bin\npt.dll
0x000000006ce30000 - 0x000000006ce45000 	C:\Program Files (x86)\Eclipse\jre\bin\zip.dll
0x000000006e090000 - 0x000000006e099000 	C:\Program Files (x86)\Eclipse\jre\bin\dt_socket.dll
0x000007fefab00000 - 0x000007fefab15000 	C:\Windows\system32\NLAapi.dll
0x000007fef8ab0000 - 0x000007fef8ac5000 	C:\Windows\system32\napinsp.dll
0x000007fef8a90000 - 0x000007fef8aa9000 	C:\Windows\system32\pnrpnsp.dll
0x000007fefc3e0000 - 0x000007fefc435000 	C:\Windows\System32\mswsock.dll
0x000007fefc260000 - 0x000007fefc2bb000 	C:\Windows\system32\DNSAPI.dll
0x000007fef8e90000 - 0x000007fef8e9b000 	C:\Windows\System32\winrnr.dll
0x000007fef8a80000 - 0x000007fef8a90000 	C:\Windows\system32\wshbth.dll
0x000007fef7530000 - 0x000007fef755f000 	C:\Program Files\Common Files\Microsoft Shared\Windows Live\WLIDNSP.DLL
0x000007fef9f30000 - 0x000007fef9f57000 	C:\Windows\system32\IPHLPAPI.DLL
0x000007fef9f20000 - 0x000007fef9f2b000 	C:\Windows\system32\WINNSI.DLL
0x000007fef9dd0000 - 0x000007fef9e23000 	C:\Windows\System32\fwpuclnt.dll
0x000007fef8580000 - 0x000007fef8588000 	C:\Windows\system32\rasadhlp.dll
0x000007fefb9f0000 - 0x000007fefb9f7000 	C:\Windows\System32\wshtcpip.dll
0x00000000605b0000 - 0x0000000060743000 	C:\Program Files (x86)\Eclipse\jre\bin\awt.dll
0x000007fefe200000 - 0x000007fefe2d7000 	C:\Windows\system32\OLEAUT32.dll
0x000007fefcfa0000 - 0x000007fefd1a3000 	C:\Windows\system32\ole32.dll
0x000007fefb1c0000 - 0x000007fefb216000 	C:\Windows\system32\uxtheme.dll
0x000007fef1ce0000 - 0x000007fef1d5f000 	C:\Program Files\Common Files\microsoft shared\ink\tiptsf.dll
0x000007fefb7a0000 - 0x000007fefb7ac000 	C:\Windows\system32\version.dll
0x000007fef9310000 - 0x000007fef9328000 	C:\Windows\system32\dwmapi.dll
0x000007fefcaa0000 - 0x000007fefcaaf000 	C:\Windows\system32\CRYPTBASE.dll
0x000007fefd470000 - 0x000007fefe1f8000 	C:\Windows\system32\SHELL32.dll
0x000007fefc440000 - 0x000007fefc457000 	C:\Windows\system32\CRYPTSP.dll
0x000007fefc140000 - 0x000007fefc187000 	C:\Windows\system32\rsaenh.dll
0x000007fefbb10000 - 0x000007fefbb2e000 	C:\Windows\system32\USERENV.dll
0x000007fefcb70000 - 0x000007fefcb7f000 	C:\Windows\system32\profapi.dll
0x000000006ce10000 - 0x000000006ce29000 	C:\Program Files (x86)\Eclipse\jre\bin\net.dll
0x000007fefc3d0000 - 0x000007fefc3d7000 	C:\Windows\System32\wship6.dll
0x000000006cdf0000 - 0x000000006ce01000 	C:\Program Files (x86)\Eclipse\jre\bin\nio.dll
0x00000000022e0000 - 0x000000000235a000 	C:\Users\Eric\workspace\Disarm\StormLib_x64.dll
0x000007fefe430000 - 0x000007fefe670000 	C:\Windows\system32\WININET.dll
0x000007fefcc30000 - 0x000007fefcc34000 	C:\Windows\system32\api-ms-win-downlevel-user32-l1-1-0.dll
0x000007fefcc40000 - 0x000007fefcc44000 	C:\Windows\system32\api-ms-win-downlevel-shlwapi-l1-1-0.dll
0x000007fefcdc0000 - 0x000007fefcdc4000 	C:\Windows\system32\api-ms-win-downlevel-version-l1-1-0.dll
0x000007fefcc20000 - 0x000007fefcc23000 	C:\Windows\system32\api-ms-win-downlevel-normaliz-l1-1-0.dll
0x0000000076f80000 - 0x0000000076f83000 	C:\Windows\system32\normaliz.DLL
0x000007fefec90000 - 0x000007fefef39000 	C:\Windows\system32\iertutil.dll
0x000007fefcf20000 - 0x000007fefcf25000 	C:\Windows\system32\api-ms-win-downlevel-advapi32-l1-1-0.dll
0x000007fefca40000 - 0x000007fefca97000 	C:\Windows\system32\apphelp.dll
0x000000006cdb0000 - 0x000000006cde4000 	C:\Program Files (x86)\Eclipse\jre\bin\fontmanager.dll
0x000007fef17d0000 - 0x000007fef1870000 	C:\Windows\WinSxS\amd64_microsoft.windows.common-controls_6595b64144ccf1df_5.82.7601.18201_none_a4d3b9377117c3df\comctl32.dll
0x000007fefe930000 - 0x000007fefeb07000 	C:\Windows\system32\SETUPAPI.dll
0x000007fefce80000 - 0x000007fefceb6000 	C:\Windows\system32\CFGMGR32.dll
0x000007fefcec0000 - 0x000007fefceda000 	C:\Windows\system32\DEVOBJ.dll
0x000007fefd1b0000 - 0x000007fefd249000 	C:\Windows\system32\CLBCatQ.DLL
0x000007fefb330000 - 0x000007fefb45c000 	C:\Windows\system32\propsys.dll
0x000007fefb220000 - 0x000007fefb24d000 	C:\Windows\system32\ntmarta.dll
0x000007fefe6f0000 - 0x000007fefe742000 	C:\Windows\system32\WLDAP32.dll
0x000007fefaa70000 - 0x000007fefaa7b000 	C:\Windows\system32\slc.dll
0x000007fef8ed0000 - 0x000007fef9031000 	C:\Windows\system32\WindowsCodecs.dll
0x000007fef43f0000 - 0x000007fef462d000 	C:\Program Files\Microsoft Office 15\root\VFS\ProgramFilesX64\Microsoft Office\Office15\GROOVEEX.DLL
0x0000000070ed0000 - 0x0000000070f68000 	C:\Program Files\Microsoft Office 15\root\VFS\ProgramFilesX64\Microsoft Office\Office15\MSVCP100.dll
0x0000000070ea0000 - 0x0000000070ecb000 	C:\Program Files\Microsoft Office 15\root\VFS\ProgramFilesX64\Microsoft Office\Office15\ATL100.DLL
0x000007fef76e0000 - 0x000007fef79f7000 	C:\Windows\system32\msi.dll
0x000007fef36a0000 - 0x000007fef3f15000 	C:\Program Files\Microsoft Office 15\root\VFS\ProgramFilesX64\Microsoft Office\Office15\1033\GrooveIntlResource.dll
0x0000000070e80000 - 0x0000000070e96000 	C:\Program Files\Common Files\TortoiseOverlays\TortoiseOverlays.dll
0x0000000070e60000 - 0x0000000070e77000 	C:\Program Files\TortoiseSVN\bin\TortoiseStub.dll
0x0000000070de0000 - 0x0000000070e5c000 	C:\Program Files\TortoiseSVN\bin\TortoiseSVN.dll
0x000007fef3140000 - 0x000007fef35a9000 	C:\Program Files\TortoiseSVN\bin\libsvn_tsvn.dll
0x0000000070db0000 - 0x0000000070ddd000 	C:\Program Files\TortoiseSVN\bin\libapr_tsvn.dll
0x000007fef1920000 - 0x000007fef19f4000 	C:\Windows\system32\MSVCR110.dll
0x0000000070d60000 - 0x0000000070da5000 	C:\Program Files\TortoiseSVN\bin\libaprutil_tsvn.dll
0x000007fef5840000 - 0x000007fef5851000 	C:\Program Files\TortoiseSVN\bin\intl3_tsvn.dll
0x000007fef5820000 - 0x000007fef5839000 	C:\Program Files\TortoiseSVN\bin\libsasl.dll
0x000007fefc840000 - 0x000007fefc84b000 	C:\Windows\system32\Secur32.dll
0x000007fefca10000 - 0x000007fefca35000 	C:\Windows\system32\SSPICLI.DLL
0x000007fefcc50000 - 0x000007fefcdbc000 	C:\Windows\system32\CRYPT32.dll
0x000007fefcc10000 - 0x000007fefcc1f000 	C:\Windows\system32\MSASN1.dll
0x000007fef1870000 - 0x000007fef1917000 	C:\Windows\system32\MSVCP110.dll
0x000007fefa020000 - 0x000007fefa055000 	C:\Windows\system32\EhStorShell.dll
0x000007fef1a20000 - 0x000007fef1aa0000 	C:\Windows\system32\ntshrui.dll
0x000007fefc6e0000 - 0x000007fefc703000 	C:\Windows\system32\srvcli.dll
0x000007fef6f40000 - 0x000007fef6f4f000 	C:\Windows\system32\cscapi.dll
0x0000000006150000 - 0x00000000061c6000 	C:\Program Files (x86)\SugarSync\SugarSyncShellExt_x64.dll
0x0000000070c90000 - 0x0000000070d59000 	C:\Windows\WinSxS\amd64_microsoft.vc80.crt_1fc8b3b9a1e18e3b_8.0.50727.4940_none_88df89932faf0bf6\MSVCR80.dll
0x000000006cd60000 - 0x000000006cda1000 	C:\Program Files (x86)\Eclipse\jre\bin\t2k.dll
0x000007fef6b50000 - 0x000007fef6b68000 	C:\Windows\system32\MPR.dll
0x000007fef4820000 - 0x000007fef482a000 	C:\Windows\System32\drprov.dll
0x000007fefbbe0000 - 0x000007fefbc1d000 	C:\Windows\System32\WINSTA.dll
0x000007fef47f0000 - 0x000007fef4812000 	C:\Windows\System32\ntlanman.dll
0x000007fef1ab0000 - 0x000007fef1acd000 	C:\Windows\System32\davclnt.dll
0x000007fef1aa0000 - 0x000007fef1aaa000 	C:\Windows\System32\DAVHLPR.dll
0x000007fef9610000 - 0x000007fef9625000 	C:\Windows\system32\wkscli.dll
0x000007fef9630000 - 0x000007fef963c000 	C:\Windows\system32\netutils.dll
0x000007fefcee0000 - 0x000007fefcf1a000 	C:\Windows\system32\WINTRUST.dll
0x000007fef5800000 - 0x000007fef580c000 	C:\Windows\system32\LINKINFO.dll
0x000007fef8a00000 - 0x000007fef8a14000 	C:\Windows\system32\samcli.dll
0x000007fefb460000 - 0x000007fefb47d000 	C:\Windows\system32\SAMLIB.dll
0x00000000075e0000 - 0x000000000762f000 	C:\Users\Eric\workspace\Disarm\lib\lwjgl64.dll
0x000007fee21e0000 - 0x000007fee22fd000 	C:\Windows\system32\OPENGL32.dll
0x000007fee3130000 - 0x000007fee315d000 	C:\Windows\system32\GLU32.dll
0x000007fee20e0000 - 0x000007fee21d1000 	C:\Windows\system32\DDRAW.dll
0x000007fee3120000 - 0x000007fee3128000 	C:\Windows\system32\DCIMAN32.dll
0x000000006d330000 - 0x000000006d337000 	C:\Program Files (x86)\Eclipse\jre\bin\jawt.dll
0x000007fef8ad0000 - 0x000007fef8b24000 	C:\Windows\system32\oleacc.dll
0x000000000d4f0000 - 0x000000000e570000 	C:\Windows\system32\ig7icd64.dll

VM Arguments:
jvm_args: -agentlib:jdwp=transport=dt_socket,suspend=y,address=localhost:52700 -Djava.library.path=C:\Users\Eric\workspace\Disarm\lib -Dfile.encoding=Cp1252 
java_command: com.requestin8r.disarm.src.MainFrame
Launcher Type: SUN_STANDARD

Environment Variables:
PATH=C:\Program Files (x86)\Eclipse\jre\bin;C:\Python27\;C:\Python27\Scripts;C:\Program Files\Common Files\Microsoft Shared\Windows Live;C:\Program Files (x86)\Common Files\Microsoft Shared\Windows Live;C:\Program Files (x86)\Intel\iCLS Client\;C:\Program Files\Intel\iCLS Client\;C:\Windows\system32;C:\Windows;C:\Windows\System32\Wbem;C:\Windows\System32\WindowsPowerShell\v1.0\;C:\Program Files\ThinkPad\Bluetooth Software\;C:\Program Files\ThinkPad\Bluetooth Software\syswow64;C:\Program Files\Intel\Intel(R) Management Engine Components\DAL;C:\Program Files\Intel\Intel(R) Management Engine Components\IPT;C:\Program Files (x86)\Intel\Intel(R) Management Engine Components\DAL;C:\Program Files (x86)\Intel\Intel(R) Management Engine Components\IPT;C:\Program Files (x86)\Intel\OpenCL SDK\2.0\bin\x86;C:\Program Files (x86)\Intel\OpenCL SDK\2.0\bin\x64;C:\Program Files\Common Files\Lenovo;C:\Program Files (x86)\Windows Live\Shared;C:\SWTOOLS\ReadyApps;C:\Program Files (x86)\Symantec\VIP Access Client\;C:\Program Files (x86)\Common Files\Lenovo;C:\Program Files (x86)\Lenovo\Access Connections\;C:\Program Files\TortoiseSVN\bin;C:\Users\Eric\AppData\Roaming\Python\Scripts
USERNAME=Eric
OS=Windows_NT
PROCESSOR_IDENTIFIER=Intel64 Family 6 Model 58 Stepping 9, GenuineIntel



---------------  S Y S T E M  ---------------

OS: Windows 7 , 64 bit Build 7601 Service Pack 1

CPU:total 4 (2 cores per cpu, 2 threads per core) family 6 model 58 stepping 9, cmov, cx8, fxsr, mmx, sse, sse2, sse3, ssse3, sse4.1, sse4.2, popcnt, ht

Memory: 4k page, physical 8077104k(3529248k free), swap 16152344k(10947720k free)

vm_info: Java HotSpot(TM) 64-Bit Server VM (21.0-b17) for windows-amd64 JRE (1.7.0-b147), built on Jun 27 2011 02:19:45 by "java_re" with unknown MS VC++:1600

time: Mon Apr 14 20:15:32 2014
elapsed time: 54 seconds

