#
# A fatal error has been detected by the Java Runtime Environment:
#
#  EXCEPTION_ACCESS_VIOLATION (0xc0000005) at pc=0x00000000297f8aa6, pid=3384, tid=0x0000000000001964
#
# JRE version: Java(TM) SE Runtime Environment (8.0_92-b14) (build 1.8.0_92-b14)
# Java VM: Java HotSpot(TM) 64-Bit Server VM (25.92-b14 mixed mode windows-amd64 compressed oops)
# Problematic frame:
# C  [atio6axx.dll+0xe88aa6]
#
# Failed to write core dump. Minidumps are not enabled by default on client versions of Windows
#
# If you would like to submit a bug report, please visit:
#   http://bugreport.java.com/bugreport/crash.jsp
# The crash happened outside the Java Virtual Machine in native code.
# See problematic frame for where to report the bug.
#

---------------  T H R E A D  ---------------

Current thread (0x000000001f956800):  JavaThread "AWT-EventQueue-0" [_thread_in_native, id=6500, stack(0x0000000021450000,0x0000000021550000)]

siginfo: ExceptionCode=0xc0000005, reading address 0x0000000000000010

Registers:
RAX=0x000007fffff8a000, RBX=0x00000000abe4e6f0, RCX=0x0000000000000000, RDX=0x0000000000000000
RSP=0x000000002154c8c8, RBP=0x0000000000000000, RSI=0x00000000140145ad, RDI=0x0000000000000000
R8 =0x0000000000001ffc, R9 =0x00000000778d4360, R10=0x0000000024ce50d0, R11=0x000000002154c858
R12=0x000000002154cbc0, R13=0x0000000000000400, R14=0x000000002154cdd8, R15=0x000000001f956800
RIP=0x00000000297f8aa6, EFLAGS=0x0000000000010246

Top of Stack: (sp=0x000000002154c8c8)
0x000000002154c8c8:   0000000028b25009 00000000004721a0
0x000000002154c8d8:   00000000778a1015 0000000024cca920
0x000000002154c8e8:   00000000297d7952 0000000000472348
0x000000002154c8f8:   0000000000000000 0000000000000003
0x000000002154c908:   00000000140145ad 0000000000000000
0x000000002154c918:   0000000028a96ba0 000000002154c938
0x000000002154c928:   0000000000000000 0000000000000000
0x000000002154c938:   000000002154c938 0000000000000000
0x000000002154c948:   000007feefe989b8 000000001f9569f8
0x000000002154c958:   000007fffffdf000 000000000074616d
0x000000002154c968:   0000000000000001 00000000003f1ee0
0x000000002154c978:   00000000140145ad 0000000000000000
0x000000002154c988:   0000802400010028 0008080810082000
0x000000002154c998:   1000000000001808 0000000000000400
0x000000002154c9a8:   0000000000000000 0000000000000400
0x000000002154c9b8:   000000002154cab0 000000001f956800 

Instructions: (pc=0x00000000297f8aa6)
0x00000000297f8a86:   cc cc cc cc cc cc cc cc cc cc 65 48 8b 04 25 30
0x00000000297f8a96:   00 00 00 41 b8 fc 1f 00 00 48 8b 88 48 12 00 00
0x00000000297f8aa6:   48 8b 49 10 48 8b 49 18 e9 6d c7 19 00 cc cc cc
0x00000000297f8ab6:   cc cc cc cc cc cc cc cc cc cc 48 89 5c 24 08 48 


Register to memory mapping:

RAX=0x000007fffff8a000 is an unknown value
RBX=0x00000000abe4e6f0 is an unknown value
RCX=0x0000000000000000 is an unknown value
RDX=0x0000000000000000 is an unknown value
RSP=0x000000002154c8c8 is pointing into the stack for thread: 0x000000001f956800
RBP=0x0000000000000000 is an unknown value
RSI=0x00000000140145ad is an unknown value
RDI=0x0000000000000000 is an unknown value
R8 =0x0000000000001ffc is an unknown value
R9 =0x00000000778d4360 is an unknown value
R10=0x0000000024ce50d0 is an unknown value
R11=0x000000002154c858 is pointing into the stack for thread: 0x000000001f956800
R12=0x000000002154cbc0 is pointing into the stack for thread: 0x000000001f956800
R13=0x0000000000000400 is an unknown value
R14=0x000000002154cdd8 is pointing into the stack for thread: 0x000000001f956800
R15=0x000000001f956800 is a thread


Stack: [0x0000000021450000,0x0000000021550000],  sp=0x000000002154c8c8,  free space=1010k
Native frames: (J=compiled Java code, j=interpreted, Vv=VM code, C=native code)

Java frames: (J=compiled Java code, j=interpreted, Vv=VM code)
j  org.lwjgl.opengl.WindowsPbufferPeerInfo.nCreate(Ljava/nio/ByteBuffer;IILorg/lwjgl/opengl/PixelFormat;Ljava/nio/IntBuffer;Ljava/nio/IntBuffer;)V+0
j  org.lwjgl.opengl.WindowsPbufferPeerInfo.<init>(IILorg/lwjgl/opengl/PixelFormat;Ljava/nio/IntBuffer;Ljava/nio/IntBuffer;)V+15
j  org.lwjgl.opengl.WindowsDisplay.createPbuffer(IILorg/lwjgl/opengl/PixelFormat;Lorg/lwjgl/opengl/ContextAttribs;Ljava/nio/IntBuffer;Ljava/nio/IntBuffer;)Lorg/lwjgl/opengl/PeerInfo;+11
j  org.lwjgl.opengl.Pbuffer.createPbuffer(IILorg/lwjgl/opengl/PixelFormat;Lorg/lwjgl/opengl/ContextAttribs;Lorg/lwjgl/opengl/RenderTexture;)Lorg/lwjgl/opengl/PeerInfo;+21
j  org.lwjgl.opengl.Pbuffer.<init>(IILorg/lwjgl/opengl/PixelFormat;Lorg/lwjgl/opengl/RenderTexture;Lorg/lwjgl/opengl/Drawable;Lorg/lwjgl/opengl/ContextAttribs;)V+36
j  org.lwjgl.opengl.Pbuffer.<init>(IILorg/lwjgl/opengl/PixelFormat;Lorg/lwjgl/opengl/RenderTexture;Lorg/lwjgl/opengl/Drawable;)V+9
J 2480 C2 com.hiveworkshop.wc3.gui.modeledit.MDLSnapshot.getBufferedImage(Lcom/hiveworkshop/wc3/gui/modeledit/VertexFilter;)Ljava/awt/image/BufferedImage; (279 bytes) @ 0x000000000309555c [0x00000000030950e0+0x47c]
j  com.hiveworkshop.wc3.gui.modeledit.MDLSnapshot.getBufferedImage()Ljava/awt/image/BufferedImage;+4
j  com.hiveworkshop.wc3.jworldedit.wipdesign.test.UnitOutlinePanel$1.actionPerformed(Ljava/awt/event/ActionEvent;)V+36
j  javax.swing.Timer.fireActionPerformed(Ljava/awt/event/ActionEvent;)V+34
j  javax.swing.Timer$DoPostEvent.run()V+74
J 1713 C1 java.awt.event.InvocationEvent.dispatch()V (69 bytes) @ 0x0000000002de8494 [0x0000000002de8280+0x214]
J 1709 C1 java.awt.EventQueue.dispatchEventImpl(Ljava/awt/AWTEvent;Ljava/lang/Object;)V (149 bytes) @ 0x0000000002de6d04 [0x0000000002de5200+0x1b04]
J 1707 C1 java.awt.EventQueue$3.run()Ljava/lang/Void; (60 bytes) @ 0x0000000002de355c [0x0000000002de3340+0x21c]
J 1706 C1 java.awt.EventQueue$3.run()Ljava/lang/Object; (5 bytes) @ 0x0000000002de2fcc [0x0000000002de2f40+0x8c]
v  ~StubRoutines::call_stub
J 1469  java.security.AccessController.doPrivileged(Ljava/security/PrivilegedAction;Ljava/security/AccessControlContext;)Ljava/lang/Object; (0 bytes) @ 0x0000000002d42fa6 [0x0000000002d42f40+0x66]
J 1597 C1 java.awt.EventQueue.dispatchEvent(Ljava/awt/AWTEvent;)V (80 bytes) @ 0x0000000002d9426c [0x0000000002d938c0+0x9ac]
J 1601 C1 java.awt.EventDispatchThread.pumpOneEventForFilters(I)V (295 bytes) @ 0x0000000002d9840c [0x0000000002d96880+0x1b8c]
j  java.awt.EventDispatchThread.pumpEventsForFilter(ILjava/awt/Conditional;Ljava/awt/EventFilter;)V+35
j  java.awt.EventDispatchThread.pumpEventsForFilter(Ljava/awt/Conditional;Ljava/awt/EventFilter;)V+4
j  java.awt.WaitDispatchSupport$2.run()V+59
J 1713 C1 java.awt.event.InvocationEvent.dispatch()V (69 bytes) @ 0x0000000002de8494 [0x0000000002de8280+0x214]
J 1709 C1 java.awt.EventQueue.dispatchEventImpl(Ljava/awt/AWTEvent;Ljava/lang/Object;)V (149 bytes) @ 0x0000000002de6d04 [0x0000000002de5200+0x1b04]
J 1707 C1 java.awt.EventQueue$3.run()Ljava/lang/Void; (60 bytes) @ 0x0000000002de355c [0x0000000002de3340+0x21c]
J 1706 C1 java.awt.EventQueue$3.run()Ljava/lang/Object; (5 bytes) @ 0x0000000002de2fcc [0x0000000002de2f40+0x8c]
v  ~StubRoutines::call_stub
J 1469  java.security.AccessController.doPrivileged(Ljava/security/PrivilegedAction;Ljava/security/AccessControlContext;)Ljava/lang/Object; (0 bytes) @ 0x0000000002d42fa6 [0x0000000002d42f40+0x66]
J 1597 C1 java.awt.EventQueue.dispatchEvent(Ljava/awt/AWTEvent;)V (80 bytes) @ 0x0000000002d9426c [0x0000000002d938c0+0x9ac]
J 1601 C1 java.awt.EventDispatchThread.pumpOneEventForFilters(I)V (295 bytes) @ 0x0000000002d9840c [0x0000000002d96880+0x1b8c]
j  java.awt.EventDispatchThread.pumpEventsForFilter(ILjava/awt/Conditional;Ljava/awt/EventFilter;)V+35
j  java.awt.EventDispatchThread.pumpEventsForHierarchy(ILjava/awt/Conditional;Ljava/awt/Component;)V+11
j  java.awt.EventDispatchThread.pumpEvents(ILjava/awt/Conditional;)V+4
j  java.awt.EventDispatchThread.pumpEvents(Ljava/awt/Conditional;)V+3
j  java.awt.EventDispatchThread.run()V+9
v  ~StubRoutines::call_stub

---------------  P R O C E S S  ---------------

Java Threads: ( => current thread )
  0x0000000021db5800 JavaThread "TimerQueue" daemon [_thread_blocked, id=6196, stack(0x0000000026cd0000,0x0000000026dd0000)]
  0x0000000021db2000 JavaThread "D3D Screen Updater" daemon [_thread_blocked, id=9920, stack(0x00000000251e0000,0x00000000252e0000)]
=>0x000000001f956800 JavaThread "AWT-EventQueue-0" [_thread_in_native, id=6500, stack(0x0000000021450000,0x0000000021550000)]
  0x000000001f809000 JavaThread "AWT-Windows" daemon [_thread_in_native, id=1784, stack(0x000000001f5b0000,0x000000001f6b0000)]
  0x000000001f807000 JavaThread "AWT-Shutdown" [_thread_blocked, id=10680, stack(0x0000000020070000,0x0000000020170000)]
  0x000000001f806800 JavaThread "Java2D Disposer" daemon [_thread_blocked, id=10992, stack(0x000000001f320000,0x000000001f420000)]
  0x000000001d7be000 JavaThread "Service Thread" daemon [_thread_blocked, id=7236, stack(0x000000001f4b0000,0x000000001f5b0000)]
  0x000000001d74f000 JavaThread "C1 CompilerThread3" daemon [_thread_blocked, id=10884, stack(0x000000001f1f0000,0x000000001f2f0000)]
  0x000000001d744000 JavaThread "C2 CompilerThread2" daemon [_thread_blocked, id=10328, stack(0x000000001f040000,0x000000001f140000)]
  0x000000001d739000 JavaThread "C2 CompilerThread1" daemon [_thread_blocked, id=6276, stack(0x000000001ef00000,0x000000001f000000)]
  0x000000001d731000 JavaThread "C2 CompilerThread0" daemon [_thread_blocked, id=7204, stack(0x000000001eb40000,0x000000001ec40000)]
  0x000000001d72e000 JavaThread "Attach Listener" daemon [_thread_blocked, id=11112, stack(0x000000001ee00000,0x000000001ef00000)]
  0x000000001c68f000 JavaThread "Signal Dispatcher" daemon [_thread_blocked, id=10452, stack(0x000000001ec40000,0x000000001ed40000)]
  0x000000001c682800 JavaThread "Finalizer" daemon [_thread_blocked, id=10732, stack(0x000000001ea20000,0x000000001eb20000)]
  0x000000001c67a000 JavaThread "Reference Handler" daemon [_thread_blocked, id=11256, stack(0x000000001e8f0000,0x000000001e9f0000)]
  0x000000000013e800 JavaThread "main" [_thread_blocked, id=7100, stack(0x0000000002470000,0x0000000002570000)]

Other Threads:
  0x000000001c673000 VMThread [stack: 0x000000001e730000,0x000000001e830000] [id=6936]
  0x000000001d7ca000 WatcherThread [stack: 0x000000001f6c0000,0x000000001f7c0000] [id=10136]

VM state:not at safepoint (normal execution)

VM Mutex/Monitor currently owned by a thread: None

Heap:
 PSYoungGen      total 560128K, used 312232K [0x000000076ac00000, 0x00000007af100000, 0x00000007c0000000)
  eden space 521728K, 54% used [0x000000076ac00000,0x000000077c15dff0,0x000000078a980000)
  from space 38400K, 73% used [0x000000078a980000,0x000000078c50c1d0,0x000000078cf00000)
  to   space 37888K, 0% used [0x00000007acc00000,0x00000007acc00000,0x00000007af100000)
 ParOldGen       total 175104K, used 100819K [0x00000006c0400000, 0x00000006caf00000, 0x000000076ac00000)
  object space 175104K, 57% used [0x00000006c0400000,0x00000006c6674ce0,0x00000006caf00000)
 Metaspace       used 15986K, capacity 16213K, committed 16384K, reserved 1062912K
  class space    used 1896K, capacity 1965K, committed 2048K, reserved 1048576K

Card table byte_map: [0x0000000011c00000,0x0000000012400000] byte_map_base: 0x000000000e5fe000

Marking Bits: (ParMarkBitMap*) 0x00000000700a64f0
 Begin Bits: [0x00000000134b0000, 0x00000000174a0000)
 End Bits:   [0x00000000174a0000, 0x000000001b490000)

Polling page: 0x0000000000120000

CodeCache: size=245760Kb used=8851Kb max_used=8859Kb free=236909Kb
 bounds [0x0000000002840000, 0x0000000003100000, 0x0000000011840000]
 total_blobs=3230 nmethods=2626 adapters=515
 compilation: enabled

Compilation events (10 events):
Event: 54.985 Thread 0x000000001d731000 2623   !   4       java.util.concurrent.locks.AbstractQueuedSynchronizer::acquireQueued (93 bytes)
Event: 54.988 Thread 0x000000001d731000 nmethod 2623 0x00000000030e9490 code [0x00000000030e9600, 0x00000000030e9948]
Event: 59.315 Thread 0x000000001d739000 2624       4       java.util.concurrent.locks.ReentrantLock$Sync::isHeldExclusively (16 bytes)
Event: 59.315 Thread 0x000000001d739000 nmethod 2624 0x00000000030e9250 code [0x00000000030e9380, 0x00000000030e9418]
Event: 63.319 Thread 0x000000001d74f000 2625       1       sun.java2d.d3d.D3DGraphicsConfig::getD3DDevice (5 bytes)
Event: 63.319 Thread 0x000000001d74f000 nmethod 2625 0x00000000030e8f90 code [0x00000000030e90e0, 0x00000000030e91f0]
Event: 63.381 Thread 0x000000001d74f000 2626       3       java.awt.Font::getSize2D (5 bytes)
Event: 63.381 Thread 0x000000001d74f000 nmethod 2626 0x00000000030f0250 code [0x00000000030f03a0, 0x00000000030f04f0]
Event: 63.381 Thread 0x000000001d74f000 2627       3       sun.font.FontStrikeDesc::<init> (144 bytes)
Event: 63.381 Thread 0x000000001d74f000 nmethod 2627 0x00000000030efd50 code [0x00000000030efec0, 0x00000000030f0190]

GC Heap History (10 events):
Event: 6.769 GC heap before
{Heap before GC invocations=3 (full 0):
 PSYoungGen      total 141824K, used 141058K [0x000000076ac00000, 0x0000000774100000, 0x00000007c0000000)
  eden space 131072K, 99% used [0x000000076ac00000,0x0000000772b487d0,0x0000000772c00000)
  from space 10752K, 99% used [0x0000000773680000,0x00000007740f80b0,0x0000000774100000)
  to   space 10752K, 0% used [0x0000000772c00000,0x0000000772c00000,0x0000000773680000)
 ParOldGen       total 175104K, used 34903K [0x00000006c0400000, 0x00000006caf00000, 0x000000076ac00000)
  object space 175104K, 19% used [0x00000006c0400000,0x00000006c2615e58,0x00000006caf00000)
 Metaspace       used 15664K, capacity 15887K, committed 16128K, reserved 1062912K
  class space    used 1874K, capacity 1964K, committed 2048K, reserved 1048576K
Event: 6.789 GC heap after
Heap after GC invocations=3 (full 0):
 PSYoungGen      total 141824K, used 10736K [0x000000076ac00000, 0x000000077c100000, 0x00000007c0000000)
  eden space 131072K, 0% used [0x000000076ac00000,0x000000076ac00000,0x0000000772c00000)
  from space 10752K, 99% used [0x0000000772c00000,0x000000077367c270,0x0000000773680000)
  to   space 10752K, 0% used [0x000000077b680000,0x000000077b680000,0x000000077c100000)
 ParOldGen       total 175104K, used 58145K [0x00000006c0400000, 0x00000006caf00000, 0x000000076ac00000)
  object space 175104K, 33% used [0x00000006c0400000,0x00000006c3cc85b8,0x00000006caf00000)
 Metaspace       used 15664K, capacity 15887K, committed 16128K, reserved 1062912K
  class space    used 1874K, capacity 1964K, committed 2048K, reserved 1048576K
}
Event: 8.439 GC heap before
{Heap before GC invocations=4 (full 0):
 PSYoungGen      total 141824K, used 141222K [0x000000076ac00000, 0x000000077c100000, 0x00000007c0000000)
  eden space 131072K, 99% used [0x000000076ac00000,0x0000000772b6d8c0,0x0000000772c00000)
  from space 10752K, 99% used [0x0000000772c00000,0x000000077367c270,0x0000000773680000)
  to   space 10752K, 0% used [0x000000077b680000,0x000000077b680000,0x000000077c100000)
 ParOldGen       total 175104K, used 58145K [0x00000006c0400000, 0x00000006caf00000, 0x000000076ac00000)
  object space 175104K, 33% used [0x00000006c0400000,0x00000006c3cc85b8,0x00000006caf00000)
 Metaspace       used 15925K, capacity 16149K, committed 16384K, reserved 1062912K
  class space    used 1895K, capacity 1965K, committed 2048K, reserved 1048576K
Event: 8.454 GC heap after
Heap after GC invocations=4 (full 0):
 PSYoungGen      total 272896K, used 10736K [0x000000076ac00000, 0x000000077c100000, 0x00000007c0000000)
  eden space 262144K, 0% used [0x000000076ac00000,0x000000076ac00000,0x000000077ac00000)
  from space 10752K, 99% used [0x000000077b680000,0x000000077c0fc280,0x000000077c100000)
  to   space 10752K, 0% used [0x000000077ac00000,0x000000077ac00000,0x000000077b680000)
 ParOldGen       total 175104K, used 75206K [0x00000006c0400000, 0x00000006caf00000, 0x000000076ac00000)
  object space 175104K, 42% used [0x00000006c0400000,0x00000006c4d71b60,0x00000006caf00000)
 Metaspace       used 15925K, capacity 16149K, committed 16384K, reserved 1062912K
  class space    used 1895K, capacity 1965K, committed 2048K, reserved 1048576K
}
Event: 11.249 GC heap before
{Heap before GC invocations=5 (full 0):
 PSYoungGen      total 272896K, used 272084K [0x000000076ac00000, 0x000000077c100000, 0x00000007c0000000)
  eden space 262144K, 99% used [0x000000076ac00000,0x000000077ab38e88,0x000000077ac00000)
  from space 10752K, 99% used [0x000000077b680000,0x000000077c0fc280,0x000000077c100000)
  to   space 10752K, 0% used [0x000000077ac00000,0x000000077ac00000,0x000000077b680000)
 ParOldGen       total 175104K, used 75206K [0x00000006c0400000, 0x00000006caf00000, 0x000000076ac00000)
  object space 175104K, 42% used [0x00000006c0400000,0x00000006c4d71b60,0x00000006caf00000)
 Metaspace       used 15951K, capacity 16149K, committed 16384K, reserved 1062912K
  class space    used 1895K, capacity 1965K, committed 2048K, reserved 1048576K
Event: 11.267 GC heap after
Heap after GC invocations=5 (full 0):
 PSYoungGen      total 272896K, used 10736K [0x000000076ac00000, 0x000000078f200000, 0x00000007c0000000)
  eden space 262144K, 0% used [0x000000076ac00000,0x000000076ac00000,0x000000077ac00000)
  from space 10752K, 99% used [0x000000077ac00000,0x000000077b67c220,0x000000077b680000)
  to   space 35840K, 0% used [0x000000078cf00000,0x000000078cf00000,0x000000078f200000)
 ParOldGen       total 175104K, used 92315K [0x00000006c0400000, 0x00000006caf00000, 0x000000076ac00000)
  object space 175104K, 52% used [0x00000006c0400000,0x00000006c5e26c60,0x00000006caf00000)
 Metaspace       used 15951K, capacity 16149K, committed 16384K, reserved 1062912K
  class space    used 1895K, capacity 1965K, committed 2048K, reserved 1048576K
}
Event: 14.112 GC heap before
{Heap before GC invocations=6 (full 0):
 PSYoungGen      total 272896K, used 272662K [0x000000076ac00000, 0x000000078f200000, 0x00000007c0000000)
  eden space 262144K, 99% used [0x000000076ac00000,0x000000077abc9828,0x000000077ac00000)
  from space 10752K, 99% used [0x000000077ac00000,0x000000077b67c220,0x000000077b680000)
  to   space 35840K, 0% used [0x000000078cf00000,0x000000078cf00000,0x000000078f200000)
 ParOldGen       total 175104K, used 92315K [0x00000006c0400000, 0x00000006caf00000, 0x000000076ac00000)
  object space 175104K, 52% used [0x00000006c0400000,0x00000006c5e26c60,0x00000006caf00000)
 Metaspace       used 15959K, capacity 16149K, committed 16384K, reserved 1062912K
  class space    used 1895K, capacity 1965K, committed 2048K, reserved 1048576K
Event: 14.138 GC heap after
Heap after GC invocations=6 (full 0):
 PSYoungGen      total 557568K, used 35488K [0x000000076ac00000, 0x000000078f700000, 0x00000007c0000000)
  eden space 521728K, 0% used [0x000000076ac00000,0x000000076ac00000,0x000000078a980000)
  from space 35840K, 99% used [0x000000078cf00000,0x000000078f1a8270,0x000000078f200000)
  to   space 38400K, 0% used [0x000000078a980000,0x000000078a980000,0x000000078cf00000)
 ParOldGen       total 175104K, used 92323K [0x00000006c0400000, 0x00000006caf00000, 0x000000076ac00000)
  object space 175104K, 52% used [0x00000006c0400000,0x00000006c5e28c60,0x00000006caf00000)
 Metaspace       used 15959K, capacity 16149K, committed 16384K, reserved 1062912K
  class space    used 1895K, capacity 1965K, committed 2048K, reserved 1048576K
}
Event: 25.930 GC heap before
{Heap before GC invocations=7 (full 0):
 PSYoungGen      total 557568K, used 556361K [0x000000076ac00000, 0x000000078f700000, 0x00000007c0000000)
  eden space 521728K, 99% used [0x000000076ac00000,0x000000078a8aa448,0x000000078a980000)
  from space 35840K, 99% used [0x000000078cf00000,0x000000078f1a8270,0x000000078f200000)
  to   space 38400K, 0% used [0x000000078a980000,0x000000078a980000,0x000000078cf00000)
 ParOldGen       total 175104K, used 92323K [0x00000006c0400000, 0x00000006caf00000, 0x000000076ac00000)
  object space 175104K, 52% used [0x00000006c0400000,0x00000006c5e28c60,0x00000006caf00000)
 Metaspace       used 15967K, capacity 16149K, committed 16384K, reserved 1062912K
  class space    used 1895K, capacity 1965K, committed 2048K, reserved 1048576K
Event: 25.967 GC heap after
Heap after GC invocations=7 (full 0):
 PSYoungGen      total 560128K, used 28208K [0x000000076ac00000, 0x00000007af100000, 0x00000007c0000000)
  eden space 521728K, 0% used [0x000000076ac00000,0x000000076ac00000,0x000000078a980000)
  from space 38400K, 73% used [0x000000078a980000,0x000000078c50c1d0,0x000000078cf00000)
  to   space 37888K, 0% used [0x00000007acc00000,0x00000007acc00000,0x00000007af100000)
 ParOldGen       total 175104K, used 100819K [0x00000006c0400000, 0x00000006caf00000, 0x000000076ac00000)
  object space 175104K, 57% used [0x00000006c0400000,0x00000006c6674ce0,0x00000006caf00000)
 Metaspace       used 15967K, capacity 16149K, committed 16384K, reserved 1062912K
  class space    used 1895K, capacity 1965K, committed 2048K, reserved 1048576K
}

Deoptimization events (10 events):
Event: 6.527 Thread 0x000000000013e800 Uncommon trap: reason=unstable_if action=reinterpret pc=0x0000000002b8d150 method=sun.awt.image.ByteInterleavedRaster.getDataElements(IILjava/lang/Object;)Ljava/lang/Object; @ 43
Event: 6.632 Thread 0x000000000013e800 Uncommon trap: reason=unstable_if action=reinterpret pc=0x0000000003007038 method=java.awt.image.BufferedImage.getRGB(IIII[III)[I @ 163
Event: 6.633 Thread 0x000000000013e800 Uncommon trap: reason=unstable_if action=reinterpret pc=0x0000000003003704 method=com.hiveworkshop.wc3.gui.modeledit.MDLSnapshot.loadTexture(Ljava/awt/image/BufferedImage;)I @ 149
Event: 6.994 Thread 0x000000000013e800 Uncommon trap: reason=unstable_if action=reinterpret pc=0x00000000030339d4 method=com.hiveworkshop.wc3.gui.modeledit.MDLSnapshot.getBufferedImage(Lcom/hiveworkshop/wc3/gui/modeledit/VertexFilter;)Ljava/awt/image/BufferedImage; @ 252
Event: 7.009 Thread 0x000000000013e800 Uncommon trap: reason=null_check action=make_not_entrant pc=0x0000000002c97b18 method=java.awt.Component.isLightweight()Z @ 4
Event: 7.024 Thread 0x000000001f956800 Uncommon trap: reason=class_check action=maybe_recompile pc=0x0000000002e2a4c4 method=sun.java2d.d3d.D3DRenderer.validateContext(Lsun/java2d/SunGraphics2D;)V @ 23
Event: 7.024 Thread 0x000000001f956800 Uncommon trap: reason=class_check action=maybe_recompile pc=0x0000000002dc99d0 method=sun.java2d.pipe.BufferedContext.validate(Lsun/java2d/pipe/hw/AccelSurface;Lsun/java2d/pipe/hw/AccelSurface;Lsun/java2d/pipe/Region;Ljava/awt/Composite;Ljava/awt/geom/Affi∫ÅŒ‰tœ@
Event: 7.203 Thread 0x000000001f956800 Uncommon trap: reason=unstable_if action=reinterpret pc=0x0000000002fdf67c method=java.lang.ThreadLocal.get()Ljava/lang/Object; @ 11
Event: 7.633 Thread 0x000000001f956800 Uncommon trap: reason=unstable_if action=reinterpret pc=0x000000000303124c method=com.hiveworkshop.wc3.gui.modeledit.MDLSnapshot.getBufferedImage(Lcom/hiveworkshop/wc3/gui/modeledit/VertexFilter;)Ljava/awt/image/BufferedImage; @ 252
Event: 8.967 Thread 0x000000001f956800 Uncommon trap: reason=unstable_if action=reinterpret pc=0x0000000002eb2dd0 method=java.awt.geom.AffineTransform.translate(DD)V @ 533

Internal exceptions (10 events):
Event: 0.190 Thread 0x000000000013e800 Implicit null exception at 0x00000000029b10a6 to 0x00000000029b128d
Event: 0.192 Thread 0x000000000013e800 Exception <a 'java/io/FileNotFoundException'> (0x000000076af6bcf0) thrown at [D:\re\workspace\8-2-build-windows-amd64-cygwin\jdk8u92\6642\hotspot\src\share\vm\prims\jni.cpp, line 709]
Event: 0.625 Thread 0x000000000013e800 Implicit null exception at 0x0000000002a4ba58 to 0x0000000002a4bae6
Event: 0.625 Thread 0x000000000013e800 Implicit null exception at 0x0000000002a4edaf to 0x0000000002a4ee19
Event: 1.313 Thread 0x000000000013e800 Implicit null exception at 0x0000000002b25396 to 0x0000000002b256dd
Event: 1.313 Thread 0x000000000013e800 Implicit null exception at 0x0000000002b1c254 to 0x0000000002b1c5a1
Event: 6.059 Thread 0x000000000013e800 Implicit null exception at 0x0000000002bb1e2c to 0x0000000002bb1e5a
Event: 7.009 Thread 0x000000000013e800 Implicit null exception at 0x0000000002c97ab0 to 0x0000000002c97b0c
Event: 7.203 Thread 0x000000001f956800 Implicit null exception at 0x0000000002fdf59c to 0x0000000002fdf669
Event: 63.318 Thread 0x000000001f956800 Exception <a 'org/lwjgl/LWJGLException': Could not create dummy context> (0x000000077b455620) thrown at [D:\re\workspace\8-2-build-windows-amd64-cygwin\jdk8u92\6642\hotspot\src\share\vm\prims\jni.cpp, line 735]

Events (10 events):
Event: 14.896 Executing VM operation: BulkRevokeBias
Event: 14.896 Executing VM operation: BulkRevokeBias done
Event: 14.896 Executing VM operation: BulkRevokeBias
Event: 14.896 Executing VM operation: BulkRevokeBias done
Event: 25.930 Executing VM operation: ParallelGCFailedAllocation
Event: 25.967 Executing VM operation: ParallelGCFailedAllocation done
Event: 63.318 loading class java/lang/Throwable$WrappedPrintStream
Event: 63.318 loading class java/lang/Throwable$PrintStreamOrWriter
Event: 63.318 loading class java/lang/Throwable$PrintStreamOrWriter done
Event: 63.318 loading class java/lang/Throwable$WrappedPrintStream done


Dynamic libraries:
0x000000013f970000 - 0x000000013f9a7000 	F:\Program Files\Java\jre1.8.0_92\bin\javaw.exe
0x0000000077880000 - 0x0000000077a2a000 	C:\Windows\SYSTEM32\ntdll.dll
0x0000000077660000 - 0x000000007777f000 	C:\Windows\system32\kernel32.dll
0x000007fefd5e0000 - 0x000007fefd64a000 	C:\Windows\system32\KERNELBASE.dll
0x000007feff6f0000 - 0x000007feff7cb000 	C:\Windows\system32\ADVAPI32.dll
0x000007feff050000 - 0x000007feff0ef000 	C:\Windows\system32\msvcrt.dll
0x000007fefef30000 - 0x000007fefef4f000 	C:\Windows\SYSTEM32\sechost.dll
0x000007fefee00000 - 0x000007fefef2d000 	C:\Windows\system32\RPCRT4.dll
0x0000000077780000 - 0x000000007787a000 	C:\Windows\system32\USER32.dll
0x000007fefed90000 - 0x000007fefedf7000 	C:\Windows\system32\GDI32.dll
0x000007fefea00000 - 0x000007fefea0e000 	C:\Windows\system32\LPK.dll
0x000007fefecc0000 - 0x000007fefed8a000 	C:\Windows\system32\USP10.dll
0x000007fefbec0000 - 0x000007fefc0b4000 	C:\Windows\WinSxS\amd64_microsoft.windows.common-controls_6595b64144ccf1df_6.0.7601.18837_none_fa3b1e3d17594757\COMCTL32.dll
0x000007fefeab0000 - 0x000007fefeb21000 	C:\Windows\system32\SHLWAPI.dll
0x000007feff020000 - 0x000007feff04e000 	C:\Windows\system32\IMM32.DLL
0x000007feff7d0000 - 0x000007feff8d9000 	C:\Windows\system32\MSCTF.dll
0x0000000078880000 - 0x0000000078952000 	F:\Program Files\Java\jre1.8.0_92\bin\msvcr100.dll
0x000000006f890000 - 0x0000000070126000 	F:\Program Files\Java\jre1.8.0_92\bin\server\jvm.dll
0x000007fef4c80000 - 0x000007fef4c89000 	C:\Windows\system32\WSOCK32.dll
0x000007fefefd0000 - 0x000007feff01d000 	C:\Windows\system32\WS2_32.dll
0x000007fefd990000 - 0x000007fefd998000 	C:\Windows\system32\NSI.dll
0x000007fefa0a0000 - 0x000007fefa0db000 	C:\Windows\system32\WINMM.dll
0x000007fefc6a0000 - 0x000007fefc6ac000 	C:\Windows\system32\VERSION.dll
0x0000000077a50000 - 0x0000000077a57000 	C:\Windows\system32\PSAPI.DLL
0x00000000555f0000 - 0x00000000555ff000 	F:\Program Files\Java\jre1.8.0_92\bin\verify.dll
0x000000006cc50000 - 0x000000006cc79000 	F:\Program Files\Java\jre1.8.0_92\bin\java.dll
0x0000000052a90000 - 0x0000000052aa6000 	F:\Program Files\Java\jre1.8.0_92\bin\zip.dll
0x000007fefd9a0000 - 0x000007fefe729000 	C:\Windows\system32\SHELL32.dll
0x000007feff980000 - 0x000007feffb83000 	C:\Windows\system32\ole32.dll
0x000007fefd5b0000 - 0x000007fefd5bf000 	C:\Windows\system32\profapi.dll
0x000000006ca70000 - 0x000000006cc08000 	F:\Program Files\Java\jre1.8.0_92\bin\awt.dll
0x000007feff5b0000 - 0x000007feff68a000 	C:\Windows\system32\OLEAUT32.dll
0x000007fefbce0000 - 0x000007fefbd36000 	C:\Windows\system32\uxtheme.dll
0x000007fefb880000 - 0x000007fefb898000 	C:\Windows\system32\dwmapi.dll
0x000007fefd410000 - 0x000007fefd41f000 	C:\Windows\system32\CRYPTBASE.dll
0x000000006d0b0000 - 0x000000006d0f7000 	F:\Program Files\Java\jre1.8.0_92\bin\fontmanager.dll
0x00000000701e0000 - 0x00000000701fa000 	F:\Program Files\Java\jre1.8.0_92\bin\net.dll
0x000007fefcd10000 - 0x000007fefcd65000 	C:\Windows\system32\mswsock.dll
0x000007fefcf70000 - 0x000007fefcf77000 	C:\Windows\System32\wship6.dll
0x0000000070270000 - 0x0000000070281000 	F:\Program Files\Java\jre1.8.0_92\bin\nio.dll
0x000007fedcb50000 - 0x000007fedcd4f000 	C:\Windows\system32\d3d9.dll
0x000007fedcb40000 - 0x000007fedcb47000 	C:\Windows\system32\d3d8thk.dll
0x000007fef1f40000 - 0x000007fef20a2000 	C:\Windows\system32\aticfx64.dll
0x000007fef1ac0000 - 0x000007fef1ae1000 	C:\Windows\system32\atiu9p64.dll
0x000007fee9000000 - 0x000007fee985a000 	C:\Windows\system32\atiumd64.dll
0x0000000069e30000 - 0x000000006a6b6000 	C:\Windows\system32\atiumd6a.dll
0x000007fefb590000 - 0x000007fefb5bc000 	C:\Windows\system32\POWRPROF.dll
0x000007feff0f0000 - 0x000007feff2c7000 	C:\Windows\system32\SETUPAPI.dll
0x000007fefd760000 - 0x000007fefd796000 	C:\Windows\system32\CFGMGR32.dll
0x000007fefd7a0000 - 0x000007fefd7ba000 	C:\Windows\system32\DEVOBJ.dll
0x0000000070190000 - 0x00000000701d2000 	F:\Program Files\Java\jre1.8.0_92\bin\t2k.dll
0x000000006f2a0000 - 0x000000006f2d1000 	F:\Program Files\Java\jre1.8.0_92\bin\jpeg.dll
0x0000000180000000 - 0x0000000180053000 	C:\Warcraft III\workspace-jworldedit\JWC3-WorldEdit\lwjgl64.dll
0x000007feefe70000 - 0x000007feeff8d000 	C:\Windows\system32\OPENGL32.dll
0x000007fefbe90000 - 0x000007fefbebd000 	C:\Windows\system32\GLU32.dll
0x000007feefd70000 - 0x000007feefe61000 	C:\Windows\system32\DDRAW.dll
0x000007fefc0c0000 - 0x000007fefc0c8000 	C:\Windows\system32\DCIMAN32.dll
0x000007fef4c30000 - 0x000007fef4c48000 	C:\Windows\system32\atig6pxx.dll
0x0000000028970000 - 0x000000002a76d000 	C:\Windows\system32\atio6axx.dll
0x000007fee2740000 - 0x000007fee2881000 	C:\Windows\system32\atiadlxx.dll
0x000007fefbd40000 - 0x000007fefbe6c000 	C:\Windows\system32\PROPSYS.dll
0x000007fefd730000 - 0x000007fefd74e000 	C:\Windows\system32\USERENV.dll
0x000007fefc4a0000 - 0x000007fefc4b1000 	C:\Windows\system32\WTSAPI32.dll
0x000007fef9eb0000 - 0x000007fef9ed7000 	C:\Windows\system32\IPHLPAPI.DLL
0x000007fef9ea0000 - 0x000007fef9eab000 	C:\Windows\system32\WINNSI.DLL
0x000007fefd930000 - 0x000007fefd96b000 	C:\Windows\system32\WINTRUST.dll
0x000007fefd7c0000 - 0x000007fefd92d000 	C:\Windows\system32\CRYPT32.dll
0x000007fefd5c0000 - 0x000007fefd5cf000 	C:\Windows\system32\MSASN1.dll
0x000007fef0280000 - 0x000007fef02ac000 	C:\Windows\system32\atig6txx.dll
0x000007fef2320000 - 0x000007fef23c0000 	C:\Windows\WinSxS\amd64_microsoft.windows.common-controls_6595b64144ccf1df_5.82.7601.18837_none_a4d981ff711297b6\comctl32.dll
0x000007fef6890000 - 0x000007fef69b5000 	C:\Windows\system32\dbghelp.dll

VM Arguments:
jvm_args: -Dfile.encoding=Cp1252 
java_command: com.hiveworkshop.wc3.jworldedit.wipdesign.test.LWJGLToBufferedImageTesterGuy
java_class_path (initial): C:\Warcraft III\workspace-jworldedit\JWC3-WorldEdit\bin;C:\Warcraft III\workspace-jworldedit\JWC3\bin;C:\Warcraft III\workspace-jworldedit\JWC3\lib\lwjgl\AppleJavaExtensions.jar;C:\Warcraft III\workspace-jworldedit\JWC3\lib\lwjgl\asm-debug-all.jar;C:\Warcraft III\workspace-jworldedit\JWC3\lib\lwjgl\jinput.jar;C:\Warcraft III\workspace-jworldedit\JWC3\lib\lwjgl\laf-plugin-7.2.1.jar;C:\Warcraft III\workspace-jworldedit\JWC3\lib\lwjgl\laf-widget-7.2.1.jar;C:\Warcraft III\workspace-jworldedit\JWC3\lib\lwjgl\log4j-api-2.0-beta9.jar;C:\Warcraft III\workspace-jworldedit\JWC3\lib\lwjgl\lwjgl_test.jar;C:\Warcraft III\workspace-jworldedit\JWC3\lib\lwjgl\lwjgl_util_applet.jar;C:\Warcraft III\workspace-jworldedit\JWC3\lib\lwjgl\lwjgl_util.jar;C:\Warcraft III\workspace-jworldedit\JWC3\lib\lwjgl\lwjgl-debug.jar;C:\Warcraft III\workspace-jworldedit\JWC3\lib\lwjgl\lwjgl.jar;C:\Warcraft III\workspace-jworldedit\JWC3\lib\lwjgl\lzma.jar;C:\Warcraft III\workspace-jworldedit\JWC3\lib\lwjgl\substance-7.2.1.jar;C:\Warcraft III\workspace-jworldedit\JWC3\lib\lwjgl\trident-7.2.1.jar;C:\Warcraft III\workspace-jworldedit\JWC3\lib\JTattoo-1.6.11.jar;C:\Warcraft III\workspace-jworldedit\JWC3\lib\miglayout-4.0-swing.jar;C:\Warcraft III\workspace-jworldedit\JWC3-WorldEdit\lib\image4j.jar
Launcher Type: SUN_STANDARD

Environment Variables:
JAVA_HOME=C:\Program Files\Java\jdk1.8.0_20
CLASSPATH=.;C:\Program Files (x86)\Java\jre7\lib\ext\QTJava.zip
PATH=C:\ProgramData\Oracle\Java\javapath;C:\Windows\system32;C:\Windows;C:\Windows\System32\Wbem;C:\Windows\System32\WindowsPowerShell\v1.0\;C:\Program Files (x86)\ATI Technologies\ATI.ACE\Core-Static;C:\Program Files (x86)\Common Files\Adobe\AGL;C:\strawberry\c\bin;C:\strawberry\perl\bin;C:\strawberry\c\bin;C:\strawberry\perl\bin;C:\Program Files\TortoiseSVN\bin;C:\Program Files (x86)\QuickTime\QTSystem\;C:\Program Files (x86)\Windows Kits\8.1\Windows Performance Toolkit\;C:\Program Files\Microsoft SQL Server\110\Tools\Binn\;C:\Program Files (x86)\AMD\ATI.ACE\Core-Static;C:\Program Files\nodejs\;C:\Program Files (x86)\Skype\Phone\;C:\Program Files\Common Files\Autodesk Shared\;C:\Program Files (x86)\Autodesk\Backburner\;C:\Users\Eric\AppData\Local\Programs\Python\Python35-32\Scripts\;C:\Users\Eric\AppData\Local\Programs\Python\Python35-32\;C:\Users\Eric\AppData\Roaming\npm;C:\Users\Matt\AppData\Local\Programs\Python\Python35-32\;C:\Users\Matt\AppData\Local\Programs\Python\Python35-32\Scripts\
USERNAME=Eric
OS=Windows_NT
PROCESSOR_IDENTIFIER=Intel64 Family 6 Model 42 Stepping 7, GenuineIntel



---------------  S Y S T E M  ---------------

OS: Windows 7 , 64 bit Build 7601 (6.1.7601.23572)

CPU:total 8 (4 cores per cpu, 2 threads per core) family 6 model 42 stepping 7, cmov, cx8, fxsr, mmx, sse, sse2, sse3, ssse3, sse4.1, sse4.2, popcnt, avx, aes, clmul, ht, tsc, tscinvbit

Memory: 4k page, physical 16760056k(4591064k free), swap 33518252k(16727340k free)

vm_info: Java HotSpot(TM) 64-Bit Server VM (25.92-b14) for windows-amd64 JRE (1.8.0_92-b14), built on Mar 31 2016 21:03:04 by "java_re" with MS VC++ 10.0 (VS2010)

time: Fri Jan 06 03:10:20 2017
elapsed time: 63 seconds (0d 0h 1m 3s)

